

================================================================
== Vitis HLS Report for 'TrellisBuilder_Pipeline_TrellisLoop'
================================================================
* Date:           Tue Jun 28 09:49:21 2022

* Version:        2022.1 (Build 3526262 on Mon Apr 18 15:48:16 MDT 2022)
* Project:        Decoder
* Solution:       DataTypeTrial (Vivado IP Flow Target)
* Product family: virtexuplus
* Target device:  xcvu19p-fsva3824-2-e


================================================================
== Performance Estimates
================================================================
+ Timing: 
    * Summary: 
    +--------+---------+----------+------------+
    |  Clock |  Target | Estimated| Uncertainty|
    +--------+---------+----------+------------+
    |ap_clk  |  6.36 ns|  4.220 ns|     1.72 ns|
    +--------+---------+----------+------------+

+ Latency: 
    * Summary: 
    +---------+---------+-----------+-----------+-----+-----+---------+
    |  Latency (cycles) |   Latency (absolute)  |  Interval | Pipeline|
    |   min   |   max   |    min    |    max    | min | max |   Type  |
    +---------+---------+-----------+-----------+-----+-----+---------+
    |       10|       10|  63.600 ns|  63.600 ns|   10|   10|       no|
    +---------+---------+-----------+-----------+-----+-----+---------+

    + Detail: 
        * Instance: 
        N/A

        * Loop: 
        +---------------+---------+---------+----------+-----------+-----------+------+----------+
        |               |  Latency (cycles) | Iteration|  Initiation Interval  | Trip |          |
        |   Loop Name   |   min   |   max   |  Latency |  achieved |   target  | Count| Pipelined|
        +---------------+---------+---------+----------+-----------+-----------+------+----------+
        |- TrellisLoop  |        8|        8|         1|          1|          1|     8|       yes|
        +---------------+---------+---------+----------+-----------+-----------+------+----------+



================================================================
== Utilization Estimates
================================================================
* Summary: 
+---------------------+---------+------+---------+---------+-----+
|         Name        | BRAM_18K|  DSP |    FF   |   LUT   | URAM|
+---------------------+---------+------+---------+---------+-----+
|DSP                  |        -|     -|        -|        -|    -|
|Expression           |        -|     -|        0|     1240|    -|
|FIFO                 |        -|     -|        -|        -|    -|
|Instance             |        -|     -|        -|        -|    -|
|Memory               |        -|     -|        -|        -|    -|
|Multiplexer          |        -|     -|        -|     1053|    -|
|Register             |        -|     -|      181|        -|    -|
+---------------------+---------+------+---------+---------+-----+
|Total                |        0|     0|      181|     2293|    0|
+---------------------+---------+------+---------+---------+-----+
|Available SLR        |     1080|   960|  2042880|  1021440|   80|
+---------------------+---------+------+---------+---------+-----+
|Utilization SLR (%)  |        0|     0|       ~0|       ~0|    0|
+---------------------+---------+------+---------+---------+-----+
|Available            |     4320|  3840|  8171520|  4085760|  320|
+---------------------+---------+------+---------+---------+-----+
|Utilization (%)      |        0|     0|       ~0|       ~0|    0|
+---------------------+---------+------+---------+---------+-----+

+ Detail: 
    * Instance: 
    N/A

    * DSP: 
    N/A

    * Memory: 
    N/A

    * FIFO: 
    N/A

    * Expression: 
    +----------------------------+----------+----+---+----+------------+------------+
    |        Variable Name       | Operation| DSP| FF| LUT| Bitwidth P0| Bitwidth P1|
    +----------------------------+----------+----+---+----+------------+------------+
    |add_ln825_1_fu_3025_p2      |         +|   0|  0|  14|           7|           3|
    |add_ln825_fu_2983_p2        |         +|   0|  0|  13|           6|           2|
    |count000_V_1_fu_2969_p2     |         +|   0|  0|   9|           2|           1|
    |count000_V_3_fu_3011_p2     |         +|   0|  0|   9|           2|           1|
    |count000_V_5_fu_3053_p2     |         +|   0|  0|   9|           2|           1|
    |count001_V_1_fu_3073_p2     |         +|   0|  0|   9|           2|           1|
    |count002_V_1_fu_3093_p2     |         +|   0|  0|   9|           2|           1|
    |count002_V_3_fu_3107_p2     |         +|   0|  0|   9|           2|           1|
    |count002_V_5_fu_3121_p2     |         +|   0|  0|   9|           2|           1|
    |count010_V_1_fu_3155_p2     |         +|   0|  0|   9|           2|           1|
    |count011_V_1_fu_3175_p2     |         +|   0|  0|   9|           2|           1|
    |count011_V_3_fu_3189_p2     |         +|   0|  0|   9|           2|           1|
    |count011_V_5_fu_3203_p2     |         +|   0|  0|   9|           2|           1|
    |count012_V_1_fu_3217_p2     |         +|   0|  0|   9|           2|           1|
    |count012_V_3_fu_3231_p2     |         +|   0|  0|   9|           2|           1|
    |count013_V_3_fu_3259_p2     |         +|   0|  0|   9|           2|           1|
    |count100_V_1_fu_3265_p2     |         +|   0|  0|   9|           2|           1|
    |count101_V_1_fu_3285_p2     |         +|   0|  0|   9|           2|           1|
    |count101_V_3_fu_3299_p2     |         +|   0|  0|   9|           2|           1|
    |count101_V_5_fu_3313_p2     |         +|   0|  0|   9|           2|           1|
    |count102_V_1_fu_3327_p2     |         +|   0|  0|   9|           2|           1|
    |count102_V_3_fu_3341_p2     |         +|   0|  0|   9|           2|           1|
    |count103_V_3_fu_3381_p2     |         +|   0|  0|   9|           2|           1|
    |count110_V_1_fu_3387_p2     |         +|   0|  0|   9|           2|           1|
    |count110_V_3_fu_3401_p2     |         +|   0|  0|   9|           2|           1|
    |count110_V_5_fu_3415_p2     |         +|   0|  0|   9|           2|           1|
    |count111_V_1_fu_3429_p2     |         +|   0|  0|   9|           2|           1|
    |count112_V_1_fu_3449_p2     |         +|   0|  0|   9|           2|           1|
    |count112_V_3_fu_3463_p2     |         +|   0|  0|   9|           2|           1|
    |count112_V_5_fu_3477_p2     |         +|   0|  0|   9|           2|           1|
    |z_2_fu_2874_p2              |         +|   0|  0|  12|           4|           1|
    |sub_ln825_fu_2937_p2        |         -|   0|  0|  13|           6|           6|
    |and_ln1015_fu_5034_p2       |       and|   0|  0|   2|           1|           1|
    |and_ln1085_fu_5046_p2       |       and|   0|  0|   2|           1|           1|
    |and_ln1144_fu_5058_p2       |       and|   0|  0|   2|           1|           1|
    |and_ln249_fu_3511_p2        |       and|   0|  0|   2|           1|           1|
    |and_ln314_fu_3628_p2        |       and|   0|  0|   2|           1|           1|
    |and_ln371_fu_3640_p2        |       and|   0|  0|   2|           1|           1|
    |and_ln498_fu_3990_p2        |       and|   0|  0|   2|           1|           1|
    |and_ln566_fu_4002_p2        |       and|   0|  0|   2|           1|           1|
    |and_ln625_fu_4014_p2        |       and|   0|  0|   2|           1|           1|
    |and_ln755_fu_4512_p2        |       and|   0|  0|   2|           1|           1|
    |and_ln825_1_fu_2999_p2      |       and|   0|  0|  24|          24|          24|
    |and_ln825_2_fu_3041_p2      |       and|   0|  0|  24|          24|          24|
    |and_ln825_3_fu_4524_p2      |       and|   0|  0|   2|           1|           1|
    |and_ln825_fu_2957_p2        |       and|   0|  0|  24|          24|          24|
    |and_ln885_fu_4536_p2        |       and|   0|  0|   2|           1|           1|
    |ap_condition_2546           |       and|   0|  0|   2|           1|           1|
    |ap_condition_2548           |       and|   0|  0|   2|           1|           1|
    |ap_condition_2558           |       and|   0|  0|   2|           1|           1|
    |ap_condition_2562           |       and|   0|  0|   2|           1|           1|
    |ap_condition_2566           |       and|   0|  0|   2|           1|           1|
    |grp_fu_2480_p2              |       and|   0|  0|   2|           1|           1|
    |grp_fu_2485_p2              |       and|   0|  0|   2|           1|           1|
    |grp_fu_2490_p2              |       and|   0|  0|   2|           1|           1|
    |grp_fu_2495_p2              |       and|   0|  0|   2|           1|           1|
    |grp_fu_2532_p2              |       and|   0|  0|   2|           1|           1|
    |grp_fu_2537_p2              |       and|   0|  0|   2|           1|           1|
    |grp_fu_2542_p2              |       and|   0|  0|   2|           1|           1|
    |grp_fu_2547_p2              |       and|   0|  0|   2|           1|           1|
    |grp_fu_2604_p2              |       and|   0|  0|   2|           1|           1|
    |grp_fu_2610_p2              |       and|   0|  0|   2|           1|           1|
    |grp_fu_2615_p2              |       and|   0|  0|   2|           1|           1|
    |grp_fu_2620_p2              |       and|   0|  0|   2|           1|           1|
    |grp_fu_2625_p2              |       and|   0|  0|   2|           1|           1|
    |grp_fu_2630_p2              |       and|   0|  0|   2|           1|           1|
    |grp_fu_2635_p2              |       and|   0|  0|   2|           1|           1|
    |grp_fu_2640_p2              |       and|   0|  0|   2|           1|           1|
    |grp_fu_2645_p2              |       and|   0|  0|   2|           1|           1|
    |grp_fu_2599_p2              |      icmp|   0|  0|   8|           3|           3|
    |icmp_ln1017_fu_3613_p2      |      icmp|   0|  0|   8|           3|           3|
    |icmp_ln1073_1_fu_3634_p2    |      icmp|   0|  0|   8|           2|           2|
    |icmp_ln1073_2_fu_3996_p2    |      icmp|   0|  0|   8|           2|           2|
    |icmp_ln1073_3_fu_4008_p2    |      icmp|   0|  0|   8|           2|           2|
    |icmp_ln1073_4_fu_4518_p2    |      icmp|   0|  0|   8|           2|           2|
    |icmp_ln1073_5_fu_4530_p2    |      icmp|   0|  0|   8|           2|           2|
    |icmp_ln1073_6_fu_5040_p2    |      icmp|   0|  0|   8|           2|           2|
    |icmp_ln1073_7_fu_5052_p2    |      icmp|   0|  0|   8|           2|           2|
    |icmp_ln1073_fu_3622_p2      |      icmp|   0|  0|   8|           2|           2|
    |icmp_ln1081_10_fu_5064_p2   |      icmp|   0|  0|   8|           2|           2|
    |icmp_ln1081_11_fu_7058_p2   |      icmp|   0|  0|   8|           2|           2|
    |icmp_ln1081_1_fu_3505_p2    |      icmp|   0|  0|   8|           2|           2|
    |icmp_ln1081_2_fu_3892_p2    |      icmp|   0|  0|   8|           2|           2|
    |icmp_ln1081_3_fu_3646_p2    |      icmp|   0|  0|   8|           2|           2|
    |icmp_ln1081_4_fu_3978_p2    |      icmp|   0|  0|   8|           2|           2|
    |icmp_ln1081_5_fu_3984_p2    |      icmp|   0|  0|   8|           2|           2|
    |icmp_ln1081_6_fu_4500_p2    |      icmp|   0|  0|   8|           2|           2|
    |icmp_ln1081_7_fu_4506_p2    |      icmp|   0|  0|   8|           2|           2|
    |icmp_ln1081_8_fu_5022_p2    |      icmp|   0|  0|   8|           2|           2|
    |icmp_ln1081_9_fu_5028_p2    |      icmp|   0|  0|   8|           2|           2|
    |icmp_ln1081_fu_3499_p2      |      icmp|   0|  0|   8|           2|           2|
    |icmp_ln24_fu_2868_p2        |      icmp|   0|  0|   9|           4|           5|
    |icmp_ln500_1_fu_3531_p2     |      icmp|   0|  0|   9|           3|           4|
    |icmp_ln500_2_fu_3545_p2     |      icmp|   0|  0|   8|           3|           2|
    |icmp_ln500_3_fu_3559_p2     |      icmp|   0|  0|   8|           3|           2|
    |icmp_ln500_fu_3517_p2       |      icmp|   0|  0|   8|           3|           3|
    |icmp_ln568_1_fu_3583_p2     |      icmp|   0|  0|   9|           3|           4|
    |icmp_ln568_2_fu_3593_p2     |      icmp|   0|  0|   8|           3|           2|
    |icmp_ln568_3_fu_3603_p2     |      icmp|   0|  0|   8|           3|           2|
    |icmp_ln568_fu_3573_p2       |      icmp|   0|  0|   8|           3|           3|
    |p_Result_2_fu_3005_p2       |      icmp|   0|  0|  16|          24|           1|
    |p_Result_3_fu_3047_p2       |      icmp|   0|  0|  16|          24|           1|
    |p_Result_s_fu_2963_p2       |      icmp|   0|  0|  16|          24|           1|
    |grp_fu_2500_p2              |        or|   0|  0|   2|           1|           1|
    |grp_fu_2505_p2              |        or|   0|  0|   2|           1|           1|
    |grp_fu_2510_p2              |        or|   0|  0|   2|           1|           1|
    |grp_fu_2515_p2              |        or|   0|  0|   2|           1|           1|
    |grp_fu_2552_p2              |        or|   0|  0|   2|           1|           1|
    |grp_fu_2557_p2              |        or|   0|  0|   2|           1|           1|
    |grp_fu_2562_p2              |        or|   0|  0|   2|           1|           1|
    |grp_fu_2567_p2              |        or|   0|  0|   2|           1|           1|
    |grp_fu_2759_p2              |        or|   0|  0|   2|           1|           1|
    |grp_fu_2764_p2              |        or|   0|  0|   2|           1|           1|
    |grp_fu_2769_p2              |        or|   0|  0|   2|           1|           1|
    |grp_fu_2774_p2              |        or|   0|  0|   2|           1|           1|
    |grp_fu_2779_p2              |        or|   0|  0|   2|           1|           1|
    |grp_fu_2812_p2              |        or|   0|  0|   2|           1|           1|
    |grp_fu_2817_p2              |        or|   0|  0|   2|           1|           1|
    |grp_fu_2822_p2              |        or|   0|  0|   2|           1|           1|
    |grp_fu_2827_p2              |        or|   0|  0|   2|           1|           1|
    |count000_V_2_fu_2975_p3     |    select|   0|  0|   2|           1|           2|
    |count000_V_4_fu_3017_p3     |    select|   0|  0|   2|           1|           2|
    |count000_V_6_fu_3059_p3     |    select|   0|  0|   2|           1|           2|
    |count001_V_2_fu_3079_p3     |    select|   0|  0|   2|           1|           2|
    |count002_V_2_fu_3099_p3     |    select|   0|  0|   2|           1|           2|
    |count002_V_4_fu_3113_p3     |    select|   0|  0|   2|           1|           2|
    |count003_V_2_fu_3139_p3     |    select|   0|  0|   3|           1|           3|
    |count003_V_3_fu_3147_p3     |    select|   0|  0|   2|           1|           2|
    |count003_V_4_fu_3131_p3     |    select|   0|  0|   3|           1|           1|
    |count010_V_2_fu_3161_p3     |    select|   0|  0|   2|           1|           2|
    |count011_V_2_fu_3181_p3     |    select|   0|  0|   2|           1|           2|
    |count011_V_4_fu_3195_p3     |    select|   0|  0|   2|           1|           2|
    |count011_V_6_fu_3209_p3     |    select|   0|  0|   2|           1|           2|
    |count012_V_2_fu_3223_p3     |    select|   0|  0|   2|           1|           2|
    |count012_V_5_fu_3243_p3     |    select|   0|  0|   2|           1|           2|
    |count013_V_2_fu_3251_p3     |    select|   0|  0|   2|           1|           2|
    |count100_V_2_fu_3271_p3     |    select|   0|  0|   2|           1|           2|
    |count101_V_2_fu_3291_p3     |    select|   0|  0|   2|           1|           2|
    |count101_V_4_fu_3305_p3     |    select|   0|  0|   2|           1|           2|
    |count101_V_6_fu_3319_p3     |    select|   0|  0|   2|           1|           2|
    |count102_V_2_fu_3333_p3     |    select|   0|  0|   2|           1|           2|
    |count102_V_5_fu_3353_p3     |    select|   0|  0|   2|           1|           2|
    |count103_V_2_fu_3373_p3     |    select|   0|  0|   2|           1|           2|
    |count103_V_fu_3365_p3       |    select|   0|  0|   3|           1|           3|
    |count110_V_2_fu_3393_p3     |    select|   0|  0|   2|           1|           2|
    |count110_V_4_fu_3407_p3     |    select|   0|  0|   2|           1|           2|
    |count110_V_6_fu_3421_p3     |    select|   0|  0|   2|           1|           2|
    |count111_V_2_fu_3435_p3     |    select|   0|  0|   2|           1|           2|
    |count112_V_2_fu_3455_p3     |    select|   0|  0|   2|           1|           2|
    |count112_V_4_fu_3469_p3     |    select|   0|  0|   2|           1|           2|
    |count113_V_2_fu_3483_p3     |    select|   0|  0|   3|           1|           2|
    |count113_V_3_fu_3491_p3     |    select|   0|  0|   2|           1|           2|
    |grp_fu_2665_p3              |    select|   0|  0|   6|           1|           1|
    |grp_fu_2672_p3              |    select|   0|  0|   6|           1|           1|
    |grp_fu_2679_p3              |    select|   0|  0|   6|           1|           1|
    |grp_fu_2686_p3              |    select|   0|  0|   6|           1|           1|
    |grp_fu_2693_p3              |    select|   0|  0|   6|           1|           1|
    |grp_fu_2700_p3              |    select|   0|  0|   7|           1|           7|
    |grp_fu_2707_p3              |    select|   0|  0|   7|           1|           7|
    |grp_fu_2714_p3              |    select|   0|  0|   7|           1|           7|
    |grp_fu_2721_p3              |    select|   0|  0|   7|           1|           7|
    |grp_fu_2728_p3              |    select|   0|  0|   7|           1|           7|
    |grp_fu_2784_p3              |    select|   0|  0|   6|           1|           1|
    |grp_fu_2791_p3              |    select|   0|  0|   6|           1|           1|
    |grp_fu_2798_p3              |    select|   0|  0|   6|           1|           1|
    |grp_fu_2805_p3              |    select|   0|  0|   6|           1|           1|
    |grp_fu_2832_p3              |    select|   0|  0|   7|           1|           7|
    |grp_fu_2839_p3              |    select|   0|  0|   7|           1|           7|
    |grp_fu_2846_p3              |    select|   0|  0|   7|           1|           7|
    |grp_fu_2853_p3              |    select|   0|  0|   7|           1|           7|
    |select_ln1024_1_fu_7034_p3  |    select|   0|  0|   6|           1|           2|
    |select_ln1024_2_fu_7042_p3  |    select|   0|  0|   6|           1|           2|
    |select_ln1024_3_fu_7050_p3  |    select|   0|  0|   6|           1|           2|
    |select_ln1024_fu_7026_p3    |    select|   0|  0|   6|           1|           2|
    |select_ln1098_1_fu_6432_p3  |    select|   0|  0|   6|           1|           6|
    |select_ln1098_2_fu_6440_p3  |    select|   0|  0|   6|           1|           6|
    |select_ln1098_3_fu_6448_p3  |    select|   0|  0|   6|           1|           6|
    |select_ln1098_fu_6424_p3    |    select|   0|  0|   6|           1|           6|
    |select_ln1157_1_fu_5818_p3  |    select|   0|  0|   6|           1|           6|
    |select_ln1157_2_fu_5826_p3  |    select|   0|  0|   6|           1|           6|
    |select_ln1157_3_fu_5834_p3  |    select|   0|  0|   6|           1|           6|
    |select_ln1157_fu_5810_p3    |    select|   0|  0|   6|           1|           6|
    |shl_ln825_1_fu_2993_p2      |       shl|   0|  0|  62|           1|          24|
    |shl_ln825_2_fu_3035_p2      |       shl|   0|  0|  62|           1|          24|
    |shl_ln825_fu_2951_p2        |       shl|   0|  0|  62|           1|          24|
    |count001_V_3_fu_3087_p2     |       xor|   0|  0|   3|           2|           3|
    |count003_V_fu_3067_p2       |       xor|   0|  0|   2|           1|           2|
    |count010_V_3_fu_3169_p2     |       xor|   0|  0|   3|           2|           3|
    |count012_V_4_fu_3237_p2     |       xor|   0|  0|   3|           2|           3|
    |count100_V_3_fu_3279_p2     |       xor|   0|  0|   3|           2|           3|
    |count102_V_4_fu_3347_p2     |       xor|   0|  0|   3|           2|           3|
    |count111_V_3_fu_3443_p2     |       xor|   0|  0|   3|           2|           3|
    +----------------------------+----------+----+---+----+------------+------------+
    |Total                       |          |   0|  0|1240|         426|         524|
    +----------------------------+----------+----+---+----+------------+------------+

    * Multiplexer: 
    +--------------------------------------+----+-----------+-----+-----------+
    |                 Name                 | LUT| Input Size| Bits| Total Bits|
    +--------------------------------------+----+-----------+-----+-----------+
    |ap_done_int                           |   9|          2|    1|          2|
    |ap_phi_mux_choice_33_phi_fu_1595_p10  |  14|          3|    1|          3|
    |ap_phi_mux_choice_34_phi_fu_1575_p10  |  14|          3|    1|          3|
    |ap_phi_mux_choice_35_phi_fu_1555_p10  |  14|          3|    1|          3|
    |ap_phi_mux_choice_36_phi_fu_1535_p10  |  14|          3|    1|          3|
    |ap_phi_mux_choice_37_phi_fu_1435_p10  |  14|          3|    1|          3|
    |ap_phi_mux_choice_38_phi_fu_1415_p10  |  14|          3|    1|          3|
    |ap_phi_mux_choice_39_phi_fu_1395_p10  |  14|          3|    1|          3|
    |ap_phi_mux_choice_40_phi_fu_1375_p10  |  14|          3|    1|          3|
    |ap_phi_mux_choice_41_phi_fu_1675_p10  |  14|          3|    1|          3|
    |ap_phi_mux_choice_42_phi_fu_1655_p10  |  14|          3|    1|          3|
    |ap_phi_mux_choice_43_phi_fu_1635_p10  |  14|          3|    1|          3|
    |ap_phi_mux_choice_44_phi_fu_1615_p10  |  14|          3|    1|          3|
    |ap_phi_mux_choice_45_phi_fu_1275_p10  |  14|          3|    1|          3|
    |ap_phi_mux_choice_46_phi_fu_1255_p10  |  14|          3|    1|          3|
    |ap_phi_mux_choice_47_phi_fu_1235_p10  |  14|          3|    1|          3|
    |ap_phi_mux_choice_48_phi_fu_1215_p10  |  14|          3|    1|          3|
    |ap_phi_mux_choice_49_phi_fu_1115_p10  |  14|          3|    1|          3|
    |ap_phi_mux_choice_50_phi_fu_1095_p10  |  14|          3|    1|          3|
    |ap_phi_mux_choice_51_phi_fu_1075_p10  |  14|          3|    1|          3|
    |ap_phi_mux_choice_52_phi_fu_1055_p10  |  14|          3|    1|          3|
    |ap_phi_mux_choice_53_phi_fu_1515_p10  |  14|          3|    1|          3|
    |ap_phi_mux_choice_54_phi_fu_1495_p10  |  14|          3|    1|          3|
    |ap_phi_mux_choice_55_phi_fu_1475_p10  |  14|          3|    1|          3|
    |ap_phi_mux_choice_56_phi_fu_1455_p10  |  14|          3|    1|          3|
    |ap_phi_mux_choice_57_phi_fu_1355_p10  |  14|          3|    1|          3|
    |ap_phi_mux_choice_58_phi_fu_1335_p10  |  14|          3|    1|          3|
    |ap_phi_mux_choice_59_phi_fu_1315_p10  |  14|          3|    1|          3|
    |ap_phi_mux_choice_60_phi_fu_1295_p10  |  14|          3|    1|          3|
    |ap_phi_mux_choice_61_phi_fu_1195_p10  |  14|          3|    1|          3|
    |ap_phi_mux_choice_62_phi_fu_1175_p10  |  14|          3|    1|          3|
    |ap_phi_mux_choice_63_phi_fu_1155_p10  |  14|          3|    1|          3|
    |ap_phi_mux_choice_64_phi_fu_1135_p10  |  14|          3|    1|          3|
    |ap_phi_mux_choice_65_phi_fu_2375_p60  |  26|          5|    1|          5|
    |ap_phi_mux_choice_66_phi_fu_2278_p60  |  26|          5|    1|          5|
    |ap_phi_mux_choice_67_phi_fu_2181_p60  |  26|          5|    1|          5|
    |ap_phi_mux_choice_68_phi_fu_2084_p60  |  26|          5|    1|          5|
    |ap_phi_mux_choice_69_phi_fu_1987_p60  |  26|          5|    1|          5|
    |ap_phi_mux_choice_70_phi_fu_1890_p60  |  26|          5|    1|          5|
    |ap_phi_mux_choice_71_phi_fu_1793_p60  |  26|          5|    1|          5|
    |ap_phi_mux_choice_72_phi_fu_1696_p60  |  26|          5|    1|          5|
    |ap_sig_allocacmp_z_1                  |   9|          2|    4|          8|
    |choice_13_fu_284                      |   9|          2|    1|          2|
    |choice_14_fu_288                      |   9|          2|    1|          2|
    |choice_15_fu_292                      |   9|          2|    1|          2|
    |choice_16_fu_296                      |   9|          2|    1|          2|
    |choice_17_fu_300                      |   9|          2|    1|          2|
    |choice_18_fu_304                      |   9|          2|    1|          2|
    |choice_19_fu_308                      |   9|          2|    1|          2|
    |choice_1_fu_268                       |   9|          2|    1|          2|
    |choice_20_fu_312                      |   9|          2|    1|          2|
    |choice_21_fu_316                      |   9|          2|    1|          2|
    |choice_22_fu_320                      |   9|          2|    1|          2|
    |choice_23_fu_324                      |   9|          2|    1|          2|
    |choice_24_fu_328                      |   9|          2|    1|          2|
    |choice_2_fu_272                       |   9|          2|    1|          2|
    |choice_3_fu_276                       |   9|          2|    1|          2|
    |choice_4_fu_280                       |   9|          2|    1|          2|
    |choice_fu_264                         |   9|          2|    1|          2|
    |empty_fu_492                          |   9|          2|    6|         12|
    |prevState_V_0_4_fu_476                |   9|          2|    6|         12|
    |prevState_V_0_5_fu_480                |   9|          2|    6|         12|
    |prevState_V_0_6_fu_484                |   9|          2|    6|         12|
    |prevState_V_0_7_fu_488                |   9|          2|    6|         12|
    |prevState_V_1_4_fu_460                |   9|          2|    6|         12|
    |prevState_V_1_5_fu_464                |   9|          2|    6|         12|
    |prevState_V_1_6_fu_468                |   9|          2|    6|         12|
    |prevState_V_1_7_fu_472                |   9|          2|    6|         12|
    |prevState_V_2_4_fu_396                |  14|          3|    6|         18|
    |prevState_V_2_5_fu_400                |  14|          3|    6|         18|
    |prevState_V_2_6_fu_404                |  14|          3|    6|         18|
    |prevState_V_2_7_fu_408                |  14|          3|    6|         18|
    |prevState_V_3_4_fu_444                |  20|          4|    6|         24|
    |prevState_V_3_5_fu_448                |  20|          4|    6|         24|
    |prevState_V_3_6_fu_452                |  20|          4|    6|         24|
    |prevState_V_3_7_fu_456                |  20|          4|    6|         24|
    |z_fu_260                              |   9|          2|    4|          8|
    +--------------------------------------+----+-----------+-----+-----------+
    |Total                                 |1053|        222|  168|        464|
    +--------------------------------------+----+-----------+-----+-----------+

    * Register: 
    +------------------------+---+----+-----+-----------+
    |          Name          | FF| LUT| Bits| Const Bits|
    +------------------------+---+----+-----+-----------+
    |ap_CS_fsm               |  1|   0|    1|          0|
    |ap_done_reg             |  1|   0|    1|          0|
    |choice_10_reg_986       |  1|   0|    1|          0|
    |choice_11_reg_975       |  1|   0|    1|          0|
    |choice_12_reg_964       |  1|   0|    1|          0|
    |choice_13_fu_284        |  1|   0|    1|          0|
    |choice_14_fu_288        |  1|   0|    1|          0|
    |choice_15_fu_292        |  1|   0|    1|          0|
    |choice_16_fu_296        |  1|   0|    1|          0|
    |choice_17_fu_300        |  1|   0|    1|          0|
    |choice_18_fu_304        |  1|   0|    1|          0|
    |choice_19_fu_308        |  1|   0|    1|          0|
    |choice_1_fu_268         |  1|   0|    1|          0|
    |choice_20_fu_312        |  1|   0|    1|          0|
    |choice_21_fu_316        |  1|   0|    1|          0|
    |choice_22_fu_320        |  1|   0|    1|          0|
    |choice_23_fu_324        |  1|   0|    1|          0|
    |choice_24_fu_328        |  1|   0|    1|          0|
    |choice_25_fu_412        |  1|   0|    1|          0|
    |choice_26_fu_416        |  1|   0|    1|          0|
    |choice_27_fu_420        |  1|   0|    1|          0|
    |choice_28_fu_424        |  1|   0|    1|          0|
    |choice_29_fu_428        |  1|   0|    1|          0|
    |choice_2_fu_272         |  1|   0|    1|          0|
    |choice_30_fu_432        |  1|   0|    1|          0|
    |choice_31_fu_436        |  1|   0|    1|          0|
    |choice_32_fu_440        |  1|   0|    1|          0|
    |choice_3_fu_276         |  1|   0|    1|          0|
    |choice_4_fu_280         |  1|   0|    1|          0|
    |choice_5_reg_1041       |  1|   0|    1|          0|
    |choice_6_reg_1030       |  1|   0|    1|          0|
    |choice_7_reg_1019       |  1|   0|    1|          0|
    |choice_8_reg_1008       |  1|   0|    1|          0|
    |choice_9_reg_997        |  1|   0|    1|          0|
    |choice_fu_264           |  1|   0|    1|          0|
    |count000_V_fu_212       |  2|   0|    2|          0|
    |count001_V_fu_216       |  2|   0|    2|          0|
    |count002_V_fu_220       |  2|   0|    2|          0|
    |count010_V_fu_224       |  2|   0|    2|          0|
    |count011_V_fu_228       |  2|   0|    2|          0|
    |count012_V_fu_232       |  2|   0|    2|          0|
    |count100_V_fu_236       |  2|   0|    2|          0|
    |count101_V_fu_240       |  2|   0|    2|          0|
    |count102_V_fu_244       |  2|   0|    2|          0|
    |count110_V_fu_248       |  2|   0|    2|          0|
    |count111_V_fu_252       |  2|   0|    2|          0|
    |count112_V_fu_256       |  2|   0|    2|          0|
    |empty_fu_492            |  6|   0|    6|          0|
    |prevState_V_0_1_fu_384  |  1|   0|    6|          5|
    |prevState_V_0_2_fu_388  |  1|   0|    6|          5|
    |prevState_V_0_3_fu_392  |  1|   0|    6|          5|
    |prevState_V_0_4_fu_476  |  6|   0|    6|          0|
    |prevState_V_0_5_fu_480  |  6|   0|    6|          0|
    |prevState_V_0_6_fu_484  |  6|   0|    6|          0|
    |prevState_V_0_7_fu_488  |  6|   0|    6|          0|
    |prevState_V_0_fu_380    |  1|   0|    6|          5|
    |prevState_V_1_1_fu_352  |  1|   0|    6|          5|
    |prevState_V_1_2_fu_356  |  1|   0|    6|          5|
    |prevState_V_1_3_fu_360  |  1|   0|    6|          5|
    |prevState_V_1_4_fu_460  |  6|   0|    6|          0|
    |prevState_V_1_5_fu_464  |  6|   0|    6|          0|
    |prevState_V_1_6_fu_468  |  6|   0|    6|          0|
    |prevState_V_1_7_fu_472  |  6|   0|    6|          0|
    |prevState_V_1_fu_348    |  1|   0|    6|          5|
    |prevState_V_2_1_fu_368  |  1|   0|    6|          5|
    |prevState_V_2_2_fu_372  |  1|   0|    6|          5|
    |prevState_V_2_3_fu_376  |  1|   0|    6|          5|
    |prevState_V_2_4_fu_396  |  6|   0|    6|          0|
    |prevState_V_2_5_fu_400  |  6|   0|    6|          0|
    |prevState_V_2_6_fu_404  |  6|   0|    6|          0|
    |prevState_V_2_7_fu_408  |  6|   0|    6|          0|
    |prevState_V_2_fu_364    |  1|   0|    6|          5|
    |prevState_V_3_1_fu_336  |  1|   0|    6|          5|
    |prevState_V_3_2_fu_340  |  1|   0|    6|          5|
    |prevState_V_3_3_fu_344  |  1|   0|    6|          5|
    |prevState_V_3_4_fu_444  |  6|   0|    6|          0|
    |prevState_V_3_5_fu_448  |  6|   0|    6|          0|
    |prevState_V_3_6_fu_452  |  6|   0|    6|          0|
    |prevState_V_3_7_fu_456  |  6|   0|    6|          0|
    |prevState_V_3_fu_332    |  1|   0|    6|          5|
    |z_fu_260                |  4|   0|    4|          0|
    +------------------------+---+----+-----+-----------+
    |Total                   |181|   0|  261|         80|
    +------------------------+---+----+-----+-----------+



================================================================
== Interface
================================================================
* Summary: 
+----------------------------+-----+-----+------------+-------------------------------------+--------------+
|          RTL Ports         | Dir | Bits|  Protocol  |            Source Object            |    C Type    |
+----------------------------+-----+-----+------------+-------------------------------------+--------------+
|ap_clk                      |   in|    1|  ap_ctrl_hs|  TrellisBuilder_Pipeline_TrellisLoop|  return value|
|ap_rst                      |   in|    1|  ap_ctrl_hs|  TrellisBuilder_Pipeline_TrellisLoop|  return value|
|ap_start                    |   in|    1|  ap_ctrl_hs|  TrellisBuilder_Pipeline_TrellisLoop|  return value|
|ap_done                     |  out|    1|  ap_ctrl_hs|  TrellisBuilder_Pipeline_TrellisLoop|  return value|
|ap_idle                     |  out|    1|  ap_ctrl_hs|  TrellisBuilder_Pipeline_TrellisLoop|  return value|
|ap_ready                    |  out|    1|  ap_ctrl_hs|  TrellisBuilder_Pipeline_TrellisLoop|  return value|
|In_EncodeStream             |   in|   24|     ap_none|                      In_EncodeStream|        scalar|
|prevState_V_2_7_out         |  out|    6|      ap_vld|                  prevState_V_2_7_out|       pointer|
|prevState_V_2_7_out_ap_vld  |  out|    1|      ap_vld|                  prevState_V_2_7_out|       pointer|
|prevState_V_2_6_out         |  out|    6|      ap_vld|                  prevState_V_2_6_out|       pointer|
|prevState_V_2_6_out_ap_vld  |  out|    1|      ap_vld|                  prevState_V_2_6_out|       pointer|
|prevState_V_2_5_out         |  out|    6|      ap_vld|                  prevState_V_2_5_out|       pointer|
|prevState_V_2_5_out_ap_vld  |  out|    1|      ap_vld|                  prevState_V_2_5_out|       pointer|
|prevState_V_2_4_out         |  out|    6|      ap_vld|                  prevState_V_2_4_out|       pointer|
|prevState_V_2_4_out_ap_vld  |  out|    1|      ap_vld|                  prevState_V_2_4_out|       pointer|
|p_out                       |  out|    6|      ap_vld|                                p_out|       pointer|
|p_out_ap_vld                |  out|    1|      ap_vld|                                p_out|       pointer|
|prevState_V_0_7_out         |  out|    6|      ap_vld|                  prevState_V_0_7_out|       pointer|
|prevState_V_0_7_out_ap_vld  |  out|    1|      ap_vld|                  prevState_V_0_7_out|       pointer|
|prevState_V_0_6_out         |  out|    6|      ap_vld|                  prevState_V_0_6_out|       pointer|
|prevState_V_0_6_out_ap_vld  |  out|    1|      ap_vld|                  prevState_V_0_6_out|       pointer|
|prevState_V_0_5_out         |  out|    6|      ap_vld|                  prevState_V_0_5_out|       pointer|
|prevState_V_0_5_out_ap_vld  |  out|    1|      ap_vld|                  prevState_V_0_5_out|       pointer|
|prevState_V_0_4_out         |  out|    6|      ap_vld|                  prevState_V_0_4_out|       pointer|
|prevState_V_0_4_out_ap_vld  |  out|    1|      ap_vld|                  prevState_V_0_4_out|       pointer|
|prevState_V_3_7_out         |  out|    6|      ap_vld|                  prevState_V_3_7_out|       pointer|
|prevState_V_3_7_out_ap_vld  |  out|    1|      ap_vld|                  prevState_V_3_7_out|       pointer|
|prevState_V_3_6_out         |  out|    6|      ap_vld|                  prevState_V_3_6_out|       pointer|
|prevState_V_3_6_out_ap_vld  |  out|    1|      ap_vld|                  prevState_V_3_6_out|       pointer|
|prevState_V_3_5_out         |  out|    6|      ap_vld|                  prevState_V_3_5_out|       pointer|
|prevState_V_3_5_out_ap_vld  |  out|    1|      ap_vld|                  prevState_V_3_5_out|       pointer|
|prevState_V_3_4_out         |  out|    6|      ap_vld|                  prevState_V_3_4_out|       pointer|
|prevState_V_3_4_out_ap_vld  |  out|    1|      ap_vld|                  prevState_V_3_4_out|       pointer|
|prevState_V_1_7_out         |  out|    6|      ap_vld|                  prevState_V_1_7_out|       pointer|
|prevState_V_1_7_out_ap_vld  |  out|    1|      ap_vld|                  prevState_V_1_7_out|       pointer|
|prevState_V_1_6_out         |  out|    6|      ap_vld|                  prevState_V_1_6_out|       pointer|
|prevState_V_1_6_out_ap_vld  |  out|    1|      ap_vld|                  prevState_V_1_6_out|       pointer|
|prevState_V_1_5_out         |  out|    6|      ap_vld|                  prevState_V_1_5_out|       pointer|
|prevState_V_1_5_out_ap_vld  |  out|    1|      ap_vld|                  prevState_V_1_5_out|       pointer|
|prevState_V_1_4_out         |  out|    6|      ap_vld|                  prevState_V_1_4_out|       pointer|
|prevState_V_1_4_out_ap_vld  |  out|    1|      ap_vld|                  prevState_V_1_4_out|       pointer|
|prevState_V_0_3_out         |  out|    6|      ap_vld|                  prevState_V_0_3_out|       pointer|
|prevState_V_0_3_out_ap_vld  |  out|    1|      ap_vld|                  prevState_V_0_3_out|       pointer|
|prevState_V_0_2_out         |  out|    6|      ap_vld|                  prevState_V_0_2_out|       pointer|
|prevState_V_0_2_out_ap_vld  |  out|    1|      ap_vld|                  prevState_V_0_2_out|       pointer|
|prevState_V_0_1_out         |  out|    6|      ap_vld|                  prevState_V_0_1_out|       pointer|
|prevState_V_0_1_out_ap_vld  |  out|    1|      ap_vld|                  prevState_V_0_1_out|       pointer|
|prevState_V_0_out           |  out|    6|      ap_vld|                    prevState_V_0_out|       pointer|
|prevState_V_0_out_ap_vld    |  out|    1|      ap_vld|                    prevState_V_0_out|       pointer|
|prevState_V_2_3_out         |  out|    6|      ap_vld|                  prevState_V_2_3_out|       pointer|
|prevState_V_2_3_out_ap_vld  |  out|    1|      ap_vld|                  prevState_V_2_3_out|       pointer|
|prevState_V_2_2_out         |  out|    6|      ap_vld|                  prevState_V_2_2_out|       pointer|
|prevState_V_2_2_out_ap_vld  |  out|    1|      ap_vld|                  prevState_V_2_2_out|       pointer|
|prevState_V_2_1_out         |  out|    6|      ap_vld|                  prevState_V_2_1_out|       pointer|
|prevState_V_2_1_out_ap_vld  |  out|    1|      ap_vld|                  prevState_V_2_1_out|       pointer|
|prevState_V_2_out           |  out|    6|      ap_vld|                    prevState_V_2_out|       pointer|
|prevState_V_2_out_ap_vld    |  out|    1|      ap_vld|                    prevState_V_2_out|       pointer|
|prevState_V_1_3_out         |  out|    6|      ap_vld|                  prevState_V_1_3_out|       pointer|
|prevState_V_1_3_out_ap_vld  |  out|    1|      ap_vld|                  prevState_V_1_3_out|       pointer|
|prevState_V_1_2_out         |  out|    6|      ap_vld|                  prevState_V_1_2_out|       pointer|
|prevState_V_1_2_out_ap_vld  |  out|    1|      ap_vld|                  prevState_V_1_2_out|       pointer|
|prevState_V_1_1_out         |  out|    6|      ap_vld|                  prevState_V_1_1_out|       pointer|
|prevState_V_1_1_out_ap_vld  |  out|    1|      ap_vld|                  prevState_V_1_1_out|       pointer|
|prevState_V_1_out           |  out|    6|      ap_vld|                    prevState_V_1_out|       pointer|
|prevState_V_1_out_ap_vld    |  out|    1|      ap_vld|                    prevState_V_1_out|       pointer|
|prevState_V_3_3_out         |  out|    6|      ap_vld|                  prevState_V_3_3_out|       pointer|
|prevState_V_3_3_out_ap_vld  |  out|    1|      ap_vld|                  prevState_V_3_3_out|       pointer|
|prevState_V_3_2_out         |  out|    6|      ap_vld|                  prevState_V_3_2_out|       pointer|
|prevState_V_3_2_out_ap_vld  |  out|    1|      ap_vld|                  prevState_V_3_2_out|       pointer|
|prevState_V_3_1_out         |  out|    6|      ap_vld|                  prevState_V_3_1_out|       pointer|
|prevState_V_3_1_out_ap_vld  |  out|    1|      ap_vld|                  prevState_V_3_1_out|       pointer|
|prevState_V_3_out           |  out|    6|      ap_vld|                    prevState_V_3_out|       pointer|
|prevState_V_3_out_ap_vld    |  out|    1|      ap_vld|                    prevState_V_3_out|       pointer|
|choice_32_out               |  out|    1|      ap_vld|                        choice_32_out|       pointer|
|choice_32_out_ap_vld        |  out|    1|      ap_vld|                        choice_32_out|       pointer|
|choice_31_out               |  out|    1|      ap_vld|                        choice_31_out|       pointer|
|choice_31_out_ap_vld        |  out|    1|      ap_vld|                        choice_31_out|       pointer|
|choice_30_out               |  out|    1|      ap_vld|                        choice_30_out|       pointer|
|choice_30_out_ap_vld        |  out|    1|      ap_vld|                        choice_30_out|       pointer|
|choice_29_out               |  out|    1|      ap_vld|                        choice_29_out|       pointer|
|choice_29_out_ap_vld        |  out|    1|      ap_vld|                        choice_29_out|       pointer|
|choice_28_out               |  out|    1|      ap_vld|                        choice_28_out|       pointer|
|choice_28_out_ap_vld        |  out|    1|      ap_vld|                        choice_28_out|       pointer|
|choice_27_out               |  out|    1|      ap_vld|                        choice_27_out|       pointer|
|choice_27_out_ap_vld        |  out|    1|      ap_vld|                        choice_27_out|       pointer|
|choice_26_out               |  out|    1|      ap_vld|                        choice_26_out|       pointer|
|choice_26_out_ap_vld        |  out|    1|      ap_vld|                        choice_26_out|       pointer|
|choice_25_out               |  out|    1|      ap_vld|                        choice_25_out|       pointer|
|choice_25_out_ap_vld        |  out|    1|      ap_vld|                        choice_25_out|       pointer|
|choice_24_out               |  out|    1|      ap_vld|                        choice_24_out|       pointer|
|choice_24_out_ap_vld        |  out|    1|      ap_vld|                        choice_24_out|       pointer|
|choice_23_out               |  out|    1|      ap_vld|                        choice_23_out|       pointer|
|choice_23_out_ap_vld        |  out|    1|      ap_vld|                        choice_23_out|       pointer|
|choice_22_out               |  out|    1|      ap_vld|                        choice_22_out|       pointer|
|choice_22_out_ap_vld        |  out|    1|      ap_vld|                        choice_22_out|       pointer|
|choice_21_out               |  out|    1|      ap_vld|                        choice_21_out|       pointer|
|choice_21_out_ap_vld        |  out|    1|      ap_vld|                        choice_21_out|       pointer|
|choice_20_out               |  out|    1|      ap_vld|                        choice_20_out|       pointer|
|choice_20_out_ap_vld        |  out|    1|      ap_vld|                        choice_20_out|       pointer|
|choice_19_out               |  out|    1|      ap_vld|                        choice_19_out|       pointer|
|choice_19_out_ap_vld        |  out|    1|      ap_vld|                        choice_19_out|       pointer|
|choice_18_out               |  out|    1|      ap_vld|                        choice_18_out|       pointer|
|choice_18_out_ap_vld        |  out|    1|      ap_vld|                        choice_18_out|       pointer|
|choice_17_out               |  out|    1|      ap_vld|                        choice_17_out|       pointer|
|choice_17_out_ap_vld        |  out|    1|      ap_vld|                        choice_17_out|       pointer|
|choice_16_out               |  out|    1|      ap_vld|                        choice_16_out|       pointer|
|choice_16_out_ap_vld        |  out|    1|      ap_vld|                        choice_16_out|       pointer|
|choice_15_out               |  out|    1|      ap_vld|                        choice_15_out|       pointer|
|choice_15_out_ap_vld        |  out|    1|      ap_vld|                        choice_15_out|       pointer|
|choice_14_out               |  out|    1|      ap_vld|                        choice_14_out|       pointer|
|choice_14_out_ap_vld        |  out|    1|      ap_vld|                        choice_14_out|       pointer|
|choice_13_out               |  out|    1|      ap_vld|                        choice_13_out|       pointer|
|choice_13_out_ap_vld        |  out|    1|      ap_vld|                        choice_13_out|       pointer|
|choice_12_out               |  out|    1|      ap_vld|                        choice_12_out|       pointer|
|choice_12_out_ap_vld        |  out|    1|      ap_vld|                        choice_12_out|       pointer|
|choice_11_out               |  out|    1|      ap_vld|                        choice_11_out|       pointer|
|choice_11_out_ap_vld        |  out|    1|      ap_vld|                        choice_11_out|       pointer|
|choice_10_out               |  out|    1|      ap_vld|                        choice_10_out|       pointer|
|choice_10_out_ap_vld        |  out|    1|      ap_vld|                        choice_10_out|       pointer|
|choice_9_out                |  out|    1|      ap_vld|                         choice_9_out|       pointer|
|choice_9_out_ap_vld         |  out|    1|      ap_vld|                         choice_9_out|       pointer|
|choice_8_out                |  out|    1|      ap_vld|                         choice_8_out|       pointer|
|choice_8_out_ap_vld         |  out|    1|      ap_vld|                         choice_8_out|       pointer|
|choice_7_out                |  out|    1|      ap_vld|                         choice_7_out|       pointer|
|choice_7_out_ap_vld         |  out|    1|      ap_vld|                         choice_7_out|       pointer|
|choice_6_out                |  out|    1|      ap_vld|                         choice_6_out|       pointer|
|choice_6_out_ap_vld         |  out|    1|      ap_vld|                         choice_6_out|       pointer|
|choice_5_out                |  out|    1|      ap_vld|                         choice_5_out|       pointer|
|choice_5_out_ap_vld         |  out|    1|      ap_vld|                         choice_5_out|       pointer|
|choice_4_out                |  out|    1|      ap_vld|                         choice_4_out|       pointer|
|choice_4_out_ap_vld         |  out|    1|      ap_vld|                         choice_4_out|       pointer|
|choice_3_out                |  out|    1|      ap_vld|                         choice_3_out|       pointer|
|choice_3_out_ap_vld         |  out|    1|      ap_vld|                         choice_3_out|       pointer|
|choice_2_out                |  out|    1|      ap_vld|                         choice_2_out|       pointer|
|choice_2_out_ap_vld         |  out|    1|      ap_vld|                         choice_2_out|       pointer|
|choice_1_out                |  out|    1|      ap_vld|                         choice_1_out|       pointer|
|choice_1_out_ap_vld         |  out|    1|      ap_vld|                         choice_1_out|       pointer|
|choice_out                  |  out|    1|      ap_vld|                           choice_out|       pointer|
|choice_out_ap_vld           |  out|    1|      ap_vld|                           choice_out|       pointer|
+----------------------------+-----+-----+------------+-------------------------------------+--------------+

