

================================================================
== Vitis HLS Report for 'TrellisBuilder_Pipeline_VITIS_LOOP_1453_1'
================================================================
* Date:           Tue Jun 28 09:49:27 2022

* Version:        2022.1 (Build 3526262 on Mon Apr 18 15:48:16 MDT 2022)
* Project:        Decoder
* Solution:       DataTypeTrial (Vivado IP Flow Target)
* Product family: virtexuplus
* Target device:  xcvu19p-fsva3824-2-e


================================================================
== Performance Estimates
================================================================
+ Timing: 
    * Summary: 
    +--------+---------+----------+------------+
    |  Clock |  Target | Estimated| Uncertainty|
    +--------+---------+----------+------------+
    |ap_clk  |  6.36 ns|  3.026 ns|     1.72 ns|
    +--------+---------+----------+------------+

+ Latency: 
    * Summary: 
    +---------+---------+-----------+-----------+-----+-----+---------+
    |  Latency (cycles) |   Latency (absolute)  |  Interval | Pipeline|
    |   min   |   max   |    min    |    max    | min | max |   Type  |
    +---------+---------+-----------+-----------+-----+-----+---------+
    |        6|        6|  38.160 ns|  38.160 ns|    6|    6|       no|
    +---------+---------+-----------+-----------+-----+-----+---------+

    + Detail: 
        * Instance: 
        N/A

        * Loop: 
        +---------------------+---------+---------+----------+-----------+-----------+------+----------+
        |                     |  Latency (cycles) | Iteration|  Initiation Interval  | Trip |          |
        |      Loop Name      |   min   |   max   |  Latency |  achieved |   target  | Count| Pipelined|
        +---------------------+---------+---------+----------+-----------+-----------+------+----------+
        |- VITIS_LOOP_1453_1  |        4|        4|         2|          1|          1|     4|       yes|
        +---------------------+---------+---------+----------+-----------+-----------+------+----------+



================================================================
== Utilization Estimates
================================================================
* Summary: 
+---------------------+---------+------+---------+---------+-----+
|         Name        | BRAM_18K|  DSP |    FF   |   LUT   | URAM|
+---------------------+---------+------+---------+---------+-----+
|DSP                  |        -|     -|        -|        -|    -|
|Expression           |        -|     -|        0|      812|    -|
|FIFO                 |        -|     -|        -|        -|    -|
|Instance             |        -|     -|        0|      572|    -|
|Memory               |        -|     -|        -|        -|    -|
|Multiplexer          |        -|     -|        -|      130|    -|
|Register             |        -|     -|       31|        -|    -|
+---------------------+---------+------+---------+---------+-----+
|Total                |        0|     0|       31|     1514|    0|
+---------------------+---------+------+---------+---------+-----+
|Available SLR        |     1080|   960|  2042880|  1021440|   80|
+---------------------+---------+------+---------+---------+-----+
|Utilization SLR (%)  |        0|     0|       ~0|       ~0|    0|
+---------------------+---------+------+---------+---------+-----+
|Available            |     4320|  3840|  8171520|  4085760|  320|
+---------------------+---------+------+---------+---------+-----+
|Utilization (%)      |        0|     0|       ~0|       ~0|    0|
+---------------------+---------+------+---------+---------+-----+

+ Detail: 
    * Instance: 
    +------------------+--------------+---------+----+---+----+-----+
    |     Instance     |    Module    | BRAM_18K| DSP| FF| LUT| URAM|
    +------------------+--------------+---------+----+---+----+-----+
    |mux_21_6_1_1_U70  |mux_21_6_1_1  |        0|   0|  0|   9|    0|
    |mux_21_6_1_1_U73  |mux_21_6_1_1  |        0|   0|  0|   9|    0|
    |mux_21_6_1_1_U76  |mux_21_6_1_1  |        0|   0|  0|   9|    0|
    |mux_21_6_1_1_U79  |mux_21_6_1_1  |        0|   0|  0|   9|    0|
    |mux_42_6_1_1_U68  |mux_42_6_1_1  |        0|   0|  0|  20|    0|
    |mux_42_6_1_1_U69  |mux_42_6_1_1  |        0|   0|  0|  20|    0|
    |mux_42_6_1_1_U71  |mux_42_6_1_1  |        0|   0|  0|  20|    0|
    |mux_42_6_1_1_U72  |mux_42_6_1_1  |        0|   0|  0|  20|    0|
    |mux_42_6_1_1_U74  |mux_42_6_1_1  |        0|   0|  0|  20|    0|
    |mux_42_6_1_1_U75  |mux_42_6_1_1  |        0|   0|  0|  20|    0|
    |mux_42_6_1_1_U77  |mux_42_6_1_1  |        0|   0|  0|  20|    0|
    |mux_42_6_1_1_U78  |mux_42_6_1_1  |        0|   0|  0|  20|    0|
    |mux_73_1_1_1_U81  |mux_73_1_1_1  |        0|   0|  0|  37|    0|
    |mux_73_1_1_1_U82  |mux_73_1_1_1  |        0|   0|  0|  37|    0|
    |mux_73_1_1_1_U83  |mux_73_1_1_1  |        0|   0|  0|  37|    0|
    |mux_73_1_1_1_U84  |mux_73_1_1_1  |        0|   0|  0|  37|    0|
    |mux_73_1_1_1_U85  |mux_73_1_1_1  |        0|   0|  0|  37|    0|
    |mux_73_1_1_1_U86  |mux_73_1_1_1  |        0|   0|  0|  37|    0|
    |mux_73_1_1_1_U87  |mux_73_1_1_1  |        0|   0|  0|  37|    0|
    |mux_73_1_1_1_U88  |mux_73_1_1_1  |        0|   0|  0|  37|    0|
    |mux_73_6_1_1_U80  |mux_73_6_1_1  |        0|   0|  0|  37|    0|
    |mux_83_1_1_1_U89  |mux_83_1_1_1  |        0|   0|  0|  43|    0|
    +------------------+--------------+---------+----+---+----+-----+
    |Total             |              |        0|   0|  0| 572|    0|
    +------------------+--------------+---------+----+---+----+-----+

    * DSP: 
    N/A

    * Memory: 
    N/A

    * FIFO: 
    N/A

    * Expression: 
    +--------------------------+----------+----+---+----+------------+------------+
    |       Variable Name      | Operation| DSP| FF| LUT| Bitwidth P0| Bitwidth P1|
    +--------------------------+----------+----+---+----+------------+------------+
    |add_ln1492_fu_791_p2      |         +|   0|  0|  10|           3|           1|
    |k_1_fu_1975_p2            |         +|   0|  0|  10|           3|           2|
    |sub_ln1456_fu_800_p2      |         -|   0|  0|  10|           3|           3|
    |ap_condition_1101         |       and|   0|  0|   2|           1|           1|
    |ap_condition_1110         |       and|   0|  0|   2|           1|           1|
    |ap_condition_1118         |       and|   0|  0|   2|           1|           1|
    |ap_condition_1125         |       and|   0|  0|   2|           1|           1|
    |ap_condition_1131         |       and|   0|  0|   2|           1|           1|
    |ap_condition_1136         |       and|   0|  0|   2|           1|           1|
    |ap_condition_1140         |       and|   0|  0|   2|           1|           1|
    |ap_condition_1143         |       and|   0|  0|   2|           1|           1|
    |empty_103_fu_1444_p2      |      icmp|   0|  0|  10|           6|           4|
    |empty_104_fu_1450_p2      |      icmp|   0|  0|  10|           6|           5|
    |empty_105_fu_1456_p2      |      icmp|   0|  0|  10|           6|           6|
    |empty_106_fu_1462_p2      |      icmp|   0|  0|  10|           6|           6|
    |empty_107_fu_1468_p2      |      icmp|   0|  0|  10|           6|           5|
    |empty_108_fu_1474_p2      |      icmp|   0|  0|  10|           6|           5|
    |empty_109_fu_1480_p2      |      icmp|   0|  0|  10|           6|           4|
    |empty_111_fu_1492_p2      |      icmp|   0|  0|  10|           6|           3|
    |empty_118_fu_1534_p2      |      icmp|   0|  0|  10|           6|           4|
    |empty_119_fu_1540_p2      |      icmp|   0|  0|  10|           6|           5|
    |empty_120_fu_1546_p2      |      icmp|   0|  0|  10|           6|           6|
    |empty_121_fu_1552_p2      |      icmp|   0|  0|  10|           6|           6|
    |empty_122_fu_1558_p2      |      icmp|   0|  0|  10|           6|           5|
    |empty_123_fu_1564_p2      |      icmp|   0|  0|  10|           6|           5|
    |empty_124_fu_1570_p2      |      icmp|   0|  0|  10|           6|           4|
    |empty_126_fu_1582_p2      |      icmp|   0|  0|  10|           6|           3|
    |empty_28_fu_994_p2        |      icmp|   0|  0|  10|           6|           2|
    |empty_29_fu_1000_p2       |      icmp|   0|  0|  10|           6|           5|
    |empty_30_fu_1006_p2       |      icmp|   0|  0|  10|           6|           6|
    |empty_31_fu_1012_p2       |      icmp|   0|  0|  10|           6|           6|
    |empty_32_fu_1018_p2       |      icmp|   0|  0|  10|           6|           5|
    |empty_33_fu_1024_p2       |      icmp|   0|  0|  10|           6|           5|
    |empty_34_fu_1030_p2       |      icmp|   0|  0|  10|           6|           4|
    |empty_36_fu_1042_p2       |      icmp|   0|  0|  10|           6|           1|
    |empty_43_fu_1084_p2       |      icmp|   0|  0|  10|           6|           3|
    |empty_44_fu_1090_p2       |      icmp|   0|  0|  10|           6|           5|
    |empty_45_fu_1096_p2       |      icmp|   0|  0|  10|           6|           6|
    |empty_46_fu_1102_p2       |      icmp|   0|  0|  10|           6|           6|
    |empty_47_fu_1108_p2       |      icmp|   0|  0|  10|           6|           5|
    |empty_48_fu_1114_p2       |      icmp|   0|  0|  10|           6|           5|
    |empty_49_fu_1120_p2       |      icmp|   0|  0|  10|           6|           4|
    |empty_51_fu_1132_p2       |      icmp|   0|  0|  10|           6|           1|
    |empty_58_fu_1174_p2       |      icmp|   0|  0|  10|           6|           3|
    |empty_59_fu_1180_p2       |      icmp|   0|  0|  10|           6|           6|
    |empty_60_fu_1186_p2       |      icmp|   0|  0|  10|           6|           6|
    |empty_61_fu_1192_p2       |      icmp|   0|  0|  10|           6|           6|
    |empty_62_fu_1198_p2       |      icmp|   0|  0|  10|           6|           5|
    |empty_63_fu_1204_p2       |      icmp|   0|  0|  10|           6|           5|
    |empty_64_fu_1210_p2       |      icmp|   0|  0|  10|           6|           4|
    |empty_66_fu_1222_p2       |      icmp|   0|  0|  10|           6|           2|
    |empty_73_fu_1264_p2       |      icmp|   0|  0|  10|           6|           4|
    |empty_74_fu_1270_p2       |      icmp|   0|  0|  10|           6|           5|
    |empty_75_fu_1276_p2       |      icmp|   0|  0|  10|           6|           6|
    |empty_76_fu_1282_p2       |      icmp|   0|  0|  10|           6|           7|
    |empty_77_fu_1288_p2       |      icmp|   0|  0|  10|           6|           5|
    |empty_78_fu_1294_p2       |      icmp|   0|  0|  10|           6|           5|
    |empty_79_fu_1300_p2       |      icmp|   0|  0|  10|           6|           4|
    |empty_81_fu_1312_p2       |      icmp|   0|  0|  10|           6|           2|
    |empty_88_fu_1354_p2       |      icmp|   0|  0|  10|           6|           4|
    |empty_89_fu_1360_p2       |      icmp|   0|  0|  10|           6|           5|
    |empty_90_fu_1366_p2       |      icmp|   0|  0|  10|           6|           6|
    |empty_91_fu_1372_p2       |      icmp|   0|  0|  10|           6|           6|
    |empty_92_fu_1378_p2       |      icmp|   0|  0|  10|           6|           5|
    |empty_93_fu_1384_p2       |      icmp|   0|  0|  10|           6|           5|
    |empty_94_fu_1390_p2       |      icmp|   0|  0|  10|           6|           4|
    |empty_96_fu_1402_p2       |      icmp|   0|  0|  10|           6|           3|
    |icmp_ln1065_1_fu_1633_p2  |      icmp|   0|  0|  10|           6|           4|
    |icmp_ln1065_2_fu_1639_p2  |      icmp|   0|  0|  10|           6|           5|
    |icmp_ln1065_3_fu_1645_p2  |      icmp|   0|  0|  10|           6|           5|
    |icmp_ln1065_4_fu_1651_p2  |      icmp|   0|  0|  10|           6|           6|
    |icmp_ln1065_5_fu_1657_p2  |      icmp|   0|  0|  10|           6|           6|
    |icmp_ln1065_6_fu_1663_p2  |      icmp|   0|  0|  10|           6|           5|
    |icmp_ln1065_7_fu_1669_p2  |      icmp|   0|  0|  10|           6|           5|
    |icmp_ln1065_fu_1627_p2    |      icmp|   0|  0|  10|           6|           3|
    |icmp_ln1453_fu_785_p2     |      icmp|   0|  0|   9|           3|           4|
    |empty_100_fu_1426_p2      |        or|   0|  0|   2|           1|           1|
    |empty_101_fu_1432_p2      |        or|   0|  0|   2|           1|           1|
    |empty_102_fu_1438_p2      |        or|   0|  0|   2|           1|           1|
    |empty_110_fu_1486_p2      |        or|   0|  0|   2|           1|           1|
    |empty_112_fu_1498_p2      |        or|   0|  0|   2|           1|           1|
    |empty_113_fu_1504_p2      |        or|   0|  0|   2|           1|           1|
    |empty_114_fu_1510_p2      |        or|   0|  0|   2|           1|           1|
    |empty_115_fu_1516_p2      |        or|   0|  0|   2|           1|           1|
    |empty_116_fu_1522_p2      |        or|   0|  0|   2|           1|           1|
    |empty_117_fu_1528_p2      |        or|   0|  0|   2|           1|           1|
    |empty_125_fu_1576_p2      |        or|   0|  0|   2|           1|           1|
    |empty_127_fu_1588_p2      |        or|   0|  0|   2|           1|           1|
    |empty_128_fu_1594_p2      |        or|   0|  0|   2|           1|           1|
    |empty_129_fu_1600_p2      |        or|   0|  0|   2|           1|           1|
    |empty_130_fu_1606_p2      |        or|   0|  0|   2|           1|           1|
    |empty_131_fu_1612_p2      |        or|   0|  0|   2|           1|           1|
    |empty_132_fu_1618_p2      |        or|   0|  0|   2|           1|           1|
    |empty_35_fu_1036_p2       |        or|   0|  0|   2|           1|           1|
    |empty_37_fu_1048_p2       |        or|   0|  0|   2|           1|           1|
    |empty_38_fu_1054_p2       |        or|   0|  0|   2|           1|           1|
    |empty_39_fu_1060_p2       |        or|   0|  0|   2|           1|           1|
    |empty_40_fu_1066_p2       |        or|   0|  0|   2|           1|           1|
    |empty_41_fu_1072_p2       |        or|   0|  0|   2|           1|           1|
    |empty_42_fu_1078_p2       |        or|   0|  0|   2|           1|           1|
    |empty_50_fu_1126_p2       |        or|   0|  0|   2|           1|           1|
    |empty_52_fu_1138_p2       |        or|   0|  0|   2|           1|           1|
    |empty_53_fu_1144_p2       |        or|   0|  0|   2|           1|           1|
    |empty_54_fu_1150_p2       |        or|   0|  0|   2|           1|           1|
    |empty_55_fu_1156_p2       |        or|   0|  0|   2|           1|           1|
    |empty_56_fu_1162_p2       |        or|   0|  0|   2|           1|           1|
    |empty_57_fu_1168_p2       |        or|   0|  0|   2|           1|           1|
    |empty_65_fu_1216_p2       |        or|   0|  0|   2|           1|           1|
    |empty_67_fu_1228_p2       |        or|   0|  0|   2|           1|           1|
    |empty_68_fu_1234_p2       |        or|   0|  0|   2|           1|           1|
    |empty_69_fu_1240_p2       |        or|   0|  0|   2|           1|           1|
    |empty_70_fu_1246_p2       |        or|   0|  0|   2|           1|           1|
    |empty_71_fu_1252_p2       |        or|   0|  0|   2|           1|           1|
    |empty_72_fu_1258_p2       |        or|   0|  0|   2|           1|           1|
    |empty_80_fu_1306_p2       |        or|   0|  0|   2|           1|           1|
    |empty_82_fu_1318_p2       |        or|   0|  0|   2|           1|           1|
    |empty_83_fu_1324_p2       |        or|   0|  0|   2|           1|           1|
    |empty_84_fu_1330_p2       |        or|   0|  0|   2|           1|           1|
    |empty_85_fu_1336_p2       |        or|   0|  0|   2|           1|           1|
    |empty_86_fu_1342_p2       |        or|   0|  0|   2|           1|           1|
    |empty_87_fu_1348_p2       |        or|   0|  0|   2|           1|           1|
    |empty_95_fu_1396_p2       |        or|   0|  0|   2|           1|           1|
    |empty_97_fu_1408_p2       |        or|   0|  0|   2|           1|           1|
    |empty_98_fu_1414_p2       |        or|   0|  0|   2|           1|           1|
    |empty_99_fu_1420_p2       |        or|   0|  0|   2|           1|           1|
    |or_ln1484_1_fu_1675_p2    |        or|   0|  0|   2|           1|           1|
    |or_ln1484_2_fu_1705_p2    |        or|   0|  0|   2|           1|           1|
    |or_ln1484_3_fu_1693_p2    |        or|   0|  0|   2|           1|           1|
    |or_ln1484_4_fu_1687_p2    |        or|   0|  0|   2|           1|           1|
    |or_ln1484_5_fu_1699_p2    |        or|   0|  0|   2|           1|           1|
    |or_ln1484_6_fu_1711_p2    |        or|   0|  0|   2|           1|           1|
    |or_ln1484_fu_1681_p2      |        or|   0|  0|   2|           1|           1|
    |select_ln1484_fu_1717_p3  |    select|   0|  0|   3|           1|           2|
    |ap_enable_pp0             |       xor|   0|  0|   2|           1|           2|
    +--------------------------+----------+----+---+----+------------+------------+
    |Total                     |          |   0|  0| 812|         462|         375|
    +--------------------------+----------+----+---+----+------------+------------+

    * Multiplexer: 
    +----------------------------------+----+-----------+-----+-----------+
    |               Name               | LUT| Input Size| Bits| Total Bits|
    +----------------------------------+----+-----------+-----+-----------+
    |Bucket_V_1_fu_328                 |  49|          9|    3|         27|
    |ap_done_int                       |   9|          2|    1|          2|
    |ap_enable_reg_pp0_iter1           |   9|          2|    1|          2|
    |ap_sig_allocacmp_Bucket_V_1_load  |   9|          2|    3|          6|
    |ap_sig_allocacmp_count_1          |   9|          2|    3|          6|
    |ap_sig_allocacmp_phi_ln1369_load  |   9|          2|    3|          6|
    |count_fu_344                      |   9|          2|    3|          6|
    |k_fu_336                          |   9|          2|    3|          6|
    |p_Val2_s_fu_340                   |   9|          2|    8|         16|
    |phi_ln1369_fu_332                 |   9|          2|    3|          6|
    +----------------------------------+----+-----------+-----+-----------+
    |Total                             | 130|         27|   31|         83|
    +----------------------------------+----+-----------+-----+-----------+

    * Register: 
    +-------------------------+---+----+-----+-----------+
    |           Name          | FF| LUT| Bits| Const Bits|
    +-------------------------+---+----+-----+-----------+
    |Bucket_V_1_fu_328        |  3|   0|    3|          0|
    |ap_CS_fsm                |  1|   0|    1|          0|
    |ap_done_reg              |  1|   0|    1|          0|
    |ap_enable_reg_pp0_iter1  |  1|   0|    1|          0|
    |count_fu_344             |  3|   0|    3|          0|
    |k_fu_336                 |  3|   0|    3|          0|
    |p_Val2_s_fu_340          |  8|   0|    8|          0|
    |phi_ln1369_fu_332        |  3|   0|    3|          0|
    |tmp_10_reg_2094          |  1|   0|    1|          0|
    |tmp_11_reg_2099          |  1|   0|    1|          0|
    |tmp_5_reg_2064           |  1|   0|    1|          0|
    |tmp_6_reg_2069           |  1|   0|    1|          0|
    |tmp_7_reg_2074           |  1|   0|    1|          0|
    |tmp_8_reg_2079           |  1|   0|    1|          0|
    |tmp_9_reg_2084           |  1|   0|    1|          0|
    |tmp_s_reg_2089           |  1|   0|    1|          0|
    +-------------------------+---+----+-----+-----------+
    |Total                    | 31|   0|   31|          0|
    +-------------------------+---+----+-----+-----------+



================================================================
== Interface
================================================================
* Summary: 
+------------------------+-----+-----+------------+-------------------------------------------+--------------+
|        RTL Ports       | Dir | Bits|  Protocol  |               Source Object               |    C Type    |
+------------------------+-----+-----+------------+-------------------------------------------+--------------+
|ap_clk                  |   in|    1|  ap_ctrl_hs|  TrellisBuilder_Pipeline_VITIS_LOOP_1453_1|  return value|
|ap_rst                  |   in|    1|  ap_ctrl_hs|  TrellisBuilder_Pipeline_VITIS_LOOP_1453_1|  return value|
|ap_start                |   in|    1|  ap_ctrl_hs|  TrellisBuilder_Pipeline_VITIS_LOOP_1453_1|  return value|
|ap_done                 |  out|    1|  ap_ctrl_hs|  TrellisBuilder_Pipeline_VITIS_LOOP_1453_1|  return value|
|ap_idle                 |  out|    1|  ap_ctrl_hs|  TrellisBuilder_Pipeline_VITIS_LOOP_1453_1|  return value|
|ap_ready                |  out|    1|  ap_ctrl_hs|  TrellisBuilder_Pipeline_VITIS_LOOP_1453_1|  return value|
|p_Result_s              |   in|    8|     ap_none|                                 p_Result_s|        scalar|
|p_reload                |   in|    3|     ap_none|                                   p_reload|        scalar|
|Bucket_V                |   in|    3|     ap_none|                                   Bucket_V|        scalar|
|choice_reload           |   in|    1|     ap_none|                              choice_reload|        scalar|
|choice_1_reload         |   in|    1|     ap_none|                            choice_1_reload|        scalar|
|choice_2_reload         |   in|    1|     ap_none|                            choice_2_reload|        scalar|
|choice_3_reload         |   in|    1|     ap_none|                            choice_3_reload|        scalar|
|choice_5_reload         |   in|    1|     ap_none|                            choice_5_reload|        scalar|
|choice_6_reload         |   in|    1|     ap_none|                            choice_6_reload|        scalar|
|choice_7_reload         |   in|    1|     ap_none|                            choice_7_reload|        scalar|
|choice_8_reload         |   in|    1|     ap_none|                            choice_8_reload|        scalar|
|choice_9_reload         |   in|    1|     ap_none|                            choice_9_reload|        scalar|
|choice_10_reload        |   in|    1|     ap_none|                           choice_10_reload|        scalar|
|choice_11_reload        |   in|    1|     ap_none|                           choice_11_reload|        scalar|
|choice_12_reload        |   in|    1|     ap_none|                           choice_12_reload|        scalar|
|choice_13_reload        |   in|    1|     ap_none|                           choice_13_reload|        scalar|
|choice_14_reload        |   in|    1|     ap_none|                           choice_14_reload|        scalar|
|choice_15_reload        |   in|    1|     ap_none|                           choice_15_reload|        scalar|
|choice_16_reload        |   in|    1|     ap_none|                           choice_16_reload|        scalar|
|choice_17_reload        |   in|    1|     ap_none|                           choice_17_reload|        scalar|
|choice_18_reload        |   in|    1|     ap_none|                           choice_18_reload|        scalar|
|choice_19_reload        |   in|    1|     ap_none|                           choice_19_reload|        scalar|
|choice_20_reload        |   in|    1|     ap_none|                           choice_20_reload|        scalar|
|choice_21_reload        |   in|    1|     ap_none|                           choice_21_reload|        scalar|
|choice_22_reload        |   in|    1|     ap_none|                           choice_22_reload|        scalar|
|choice_23_reload        |   in|    1|     ap_none|                           choice_23_reload|        scalar|
|choice_24_reload        |   in|    1|     ap_none|                           choice_24_reload|        scalar|
|choice_25_reload        |   in|    1|     ap_none|                           choice_25_reload|        scalar|
|choice_26_reload        |   in|    1|     ap_none|                           choice_26_reload|        scalar|
|choice_27_reload        |   in|    1|     ap_none|                           choice_27_reload|        scalar|
|choice_28_reload        |   in|    1|     ap_none|                           choice_28_reload|        scalar|
|choice_29_reload        |   in|    1|     ap_none|                           choice_29_reload|        scalar|
|choice_30_reload        |   in|    1|     ap_none|                           choice_30_reload|        scalar|
|choice_31_reload        |   in|    1|     ap_none|                           choice_31_reload|        scalar|
|choice_32_reload        |   in|    1|     ap_none|                           choice_32_reload|        scalar|
|prevState_V_0_7_reload  |   in|    6|     ap_none|                     prevState_V_0_7_reload|        scalar|
|prevState_V_1_7_reload  |   in|    6|     ap_none|                     prevState_V_1_7_reload|        scalar|
|prevState_V_2_3_reload  |   in|    6|     ap_none|                     prevState_V_2_3_reload|        scalar|
|prevState_V_3_3_reload  |   in|    6|     ap_none|                     prevState_V_3_3_reload|        scalar|
|prevState_V_0_3_reload  |   in|    6|     ap_none|                     prevState_V_0_3_reload|        scalar|
|prevState_V_1_3_reload  |   in|    6|     ap_none|                     prevState_V_1_3_reload|        scalar|
|prevState_V_2_7_reload  |   in|    6|     ap_none|                     prevState_V_2_7_reload|        scalar|
|prevState_V_3_7_reload  |   in|    6|     ap_none|                     prevState_V_3_7_reload|        scalar|
|prevState_V_0_6_reload  |   in|    6|     ap_none|                     prevState_V_0_6_reload|        scalar|
|prevState_V_1_6_reload  |   in|    6|     ap_none|                     prevState_V_1_6_reload|        scalar|
|prevState_V_2_2_reload  |   in|    6|     ap_none|                     prevState_V_2_2_reload|        scalar|
|prevState_V_3_2_reload  |   in|    6|     ap_none|                     prevState_V_3_2_reload|        scalar|
|prevState_V_0_2_reload  |   in|    6|     ap_none|                     prevState_V_0_2_reload|        scalar|
|prevState_V_1_2_reload  |   in|    6|     ap_none|                     prevState_V_1_2_reload|        scalar|
|prevState_V_2_6_reload  |   in|    6|     ap_none|                     prevState_V_2_6_reload|        scalar|
|prevState_V_3_6_reload  |   in|    6|     ap_none|                     prevState_V_3_6_reload|        scalar|
|prevState_V_0_5_reload  |   in|    6|     ap_none|                     prevState_V_0_5_reload|        scalar|
|prevState_V_1_5_reload  |   in|    6|     ap_none|                     prevState_V_1_5_reload|        scalar|
|prevState_V_2_1_reload  |   in|    6|     ap_none|                     prevState_V_2_1_reload|        scalar|
|prevState_V_3_1_reload  |   in|    6|     ap_none|                     prevState_V_3_1_reload|        scalar|
|prevState_V_0_1_reload  |   in|    6|     ap_none|                     prevState_V_0_1_reload|        scalar|
|prevState_V_1_1_reload  |   in|    6|     ap_none|                     prevState_V_1_1_reload|        scalar|
|prevState_V_2_5_reload  |   in|    6|     ap_none|                     prevState_V_2_5_reload|        scalar|
|prevState_V_3_5_reload  |   in|    6|     ap_none|                     prevState_V_3_5_reload|        scalar|
|prevState_V_0_4_reload  |   in|    6|     ap_none|                     prevState_V_0_4_reload|        scalar|
|prevState_V_1_4_reload  |   in|    6|     ap_none|                     prevState_V_1_4_reload|        scalar|
|prevState_V_2_reload    |   in|    6|     ap_none|                       prevState_V_2_reload|        scalar|
|prevState_V_3_reload    |   in|    6|     ap_none|                       prevState_V_3_reload|        scalar|
|prevState_V_0_reload    |   in|    6|     ap_none|                       prevState_V_0_reload|        scalar|
|prevState_V_1_reload    |   in|    6|     ap_none|                       prevState_V_1_reload|        scalar|
|prevState_V_2_4_reload  |   in|    6|     ap_none|                     prevState_V_2_4_reload|        scalar|
|prevState_V_3_4_reload  |   in|    6|     ap_none|                     prevState_V_3_4_reload|        scalar|
|p_Val2_1_out            |  out|    8|      ap_vld|                               p_Val2_1_out|       pointer|
|p_Val2_1_out_ap_vld     |  out|    1|      ap_vld|                               p_Val2_1_out|       pointer|
+------------------------+-----+-----+------------+-------------------------------------------+--------------+

