
*** Running vivado
    with args -log design_1_wrapper.vdi -applog -m64 -product Vivado -messageDb vivado.pb -mode batch -source design_1_wrapper.tcl -notrace



****** Vivado v2022.1 (64-bit)
  **** SW Build 3526262 on Mon Apr 18 15:48:16 MDT 2022
  **** IP Build 3524634 on Mon Apr 18 20:55:01 MDT 2022
    ** Copyright 1986-2022 Xilinx, Inc. All Rights Reserved.

source design_1_wrapper.tcl -notrace
create_project: Time (s): cpu = 00:00:06 ; elapsed = 00:00:06 . Memory (MB): peak = 1245.125 ; gain = 87.859
INFO: [IP_Flow 19-234] Refreshing IP repositories
INFO: [IP_Flow 19-1700] Loaded user IP repository 'c:/Xilinx/Decoder/Decoder/solution1'.
INFO: [IP_Flow 19-2313] Loaded Vivado IP repository 'E:/Xilinx/Vivado/2022.1/data/ip'.
Command: link_design -top design_1_wrapper -part xc7vx485tffg1761-3
Design is defaulting to srcset: sources_1
Design is defaulting to constrset: constrs_1
INFO: [Device 21-403] Loading part xc7vx485tffg1761-3
INFO: [Project 1-454] Reading design checkpoint 'c:/Users/mamdouh/Decoder/Decoder.gen/sources_1/bd/design_1/ip/design_1_TrellisBuilder_0_0/design_1_TrellisBuilder_0_0.dcp' for cell 'design_1_i/TrellisBuilder_0'
INFO: [Project 1-454] Reading design checkpoint 'c:/Users/mamdouh/Decoder/Decoder.gen/sources_1/bd/design_1/ip/design_1_clk_wiz_0/design_1_clk_wiz_0.dcp' for cell 'design_1_i/clk_wiz'
INFO: [Project 1-454] Reading design checkpoint 'c:/Users/mamdouh/Decoder/Decoder.gen/sources_1/bd/design_1/ip/design_1_rst_clk_wiz_100M_0/design_1_rst_clk_wiz_100M_0.dcp' for cell 'design_1_i/rst_clk_wiz_100M'
Netlist sorting complete. Time (s): cpu = 00:00:00 ; elapsed = 00:00:00.012 . Memory (MB): peak = 1855.430 ; gain = 0.000
INFO: [Netlist 29-17] Analyzing 1 Unisim elements for replacement
INFO: [Netlist 29-28] Unisim Transformation completed in 0 CPU seconds
INFO: [Project 1-479] Netlist was created with Vivado 2022.1
INFO: [Project 1-570] Preparing netlist for logic optimization
Parsing XDC File [c:/Users/mamdouh/Decoder/Decoder.gen/sources_1/bd/design_1/ip/design_1_clk_wiz_0/design_1_clk_wiz_0_board.xdc] for cell 'design_1_i/clk_wiz/inst'
Finished Parsing XDC File [c:/Users/mamdouh/Decoder/Decoder.gen/sources_1/bd/design_1/ip/design_1_clk_wiz_0/design_1_clk_wiz_0_board.xdc] for cell 'design_1_i/clk_wiz/inst'
Parsing XDC File [c:/Users/mamdouh/Decoder/Decoder.gen/sources_1/bd/design_1/ip/design_1_clk_wiz_0/design_1_clk_wiz_0.xdc] for cell 'design_1_i/clk_wiz/inst'
INFO: [Timing 38-35] Done setting XDC timing constraints. [c:/Users/mamdouh/Decoder/Decoder.gen/sources_1/bd/design_1/ip/design_1_clk_wiz_0/design_1_clk_wiz_0.xdc:57]
INFO: [Timing 38-2] Deriving generated clocks [c:/Users/mamdouh/Decoder/Decoder.gen/sources_1/bd/design_1/ip/design_1_clk_wiz_0/design_1_clk_wiz_0.xdc:57]
get_clocks: Time (s): cpu = 00:00:18 ; elapsed = 00:00:20 . Memory (MB): peak = 2679.719 ; gain = 689.414
Finished Parsing XDC File [c:/Users/mamdouh/Decoder/Decoder.gen/sources_1/bd/design_1/ip/design_1_clk_wiz_0/design_1_clk_wiz_0.xdc] for cell 'design_1_i/clk_wiz/inst'
Parsing XDC File [c:/Users/mamdouh/Decoder/Decoder.gen/sources_1/bd/design_1/ip/design_1_rst_clk_wiz_100M_0/design_1_rst_clk_wiz_100M_0_board.xdc] for cell 'design_1_i/rst_clk_wiz_100M/U0'
Finished Parsing XDC File [c:/Users/mamdouh/Decoder/Decoder.gen/sources_1/bd/design_1/ip/design_1_rst_clk_wiz_100M_0/design_1_rst_clk_wiz_100M_0_board.xdc] for cell 'design_1_i/rst_clk_wiz_100M/U0'
Parsing XDC File [c:/Users/mamdouh/Decoder/Decoder.gen/sources_1/bd/design_1/ip/design_1_rst_clk_wiz_100M_0/design_1_rst_clk_wiz_100M_0.xdc] for cell 'design_1_i/rst_clk_wiz_100M/U0'
Finished Parsing XDC File [c:/Users/mamdouh/Decoder/Decoder.gen/sources_1/bd/design_1/ip/design_1_rst_clk_wiz_100M_0/design_1_rst_clk_wiz_100M_0.xdc] for cell 'design_1_i/rst_clk_wiz_100M/U0'
INFO: [Opt 31-138] Pushed 0 inverter(s) to 0 load pin(s).
Netlist sorting complete. Time (s): cpu = 00:00:00 ; elapsed = 00:00:00.001 . Memory (MB): peak = 2679.719 ; gain = 0.000
INFO: [Project 1-111] Unisim Transformation Summary:
No Unisim elements were transformed.

15 Infos, 0 Warnings, 0 Critical Warnings and 0 Errors encountered.
link_design completed successfully
link_design: Time (s): cpu = 00:00:37 ; elapsed = 00:00:41 . Memory (MB): peak = 2679.719 ; gain = 1398.027
Command: opt_design
Attempting to get a license for feature 'Implementation' and/or device 'xc7vx485t'
INFO: [Common 17-349] Got license for feature 'Implementation' and/or device 'xc7vx485t'
Running DRC as a precondition to command opt_design

Starting DRC Task
INFO: [Project 1-461] DRC finished with 0 Errors
INFO: [Project 1-462] Please refer to the DRC report (report_drc) for more information.

Time (s): cpu = 00:00:01 ; elapsed = 00:00:02 . Memory (MB): peak = 2679.719 ; gain = 0.000

Starting Cache Timing Information Task
INFO: [Timing 38-35] Done setting XDC timing constraints.
Ending Cache Timing Information Task | Checksum: 112663190

Time (s): cpu = 00:00:00 ; elapsed = 00:00:00.048 . Memory (MB): peak = 2689.711 ; gain = 9.992

Starting Logic Optimization Task

Phase 1 Retarget
INFO: [Opt 31-1287] Pulled Inverter design_1_i/TrellisBuilder_0/inst/grp_TrellisBuilder_Pipeline_TrellisLoop_fu_497/flow_control_loop_pipe_sequential_init_U/count000_V_fu_212[1]_i_1 into driver instance design_1_i/TrellisBuilder_0/inst/grp_TrellisBuilder_Pipeline_TrellisLoop_fu_497/flow_control_loop_pipe_sequential_init_U/count000_V_fu_212[1]_i_2, which resulted in an inversion of 4 pins
INFO: [Opt 31-1287] Pulled Inverter design_1_i/TrellisBuilder_0/inst/grp_TrellisBuilder_Pipeline_TrellisLoop_fu_497/flow_control_loop_pipe_sequential_init_U/count011_V_fu_228[1]_i_1 into driver instance design_1_i/TrellisBuilder_0/inst/grp_TrellisBuilder_Pipeline_TrellisLoop_fu_497/flow_control_loop_pipe_sequential_init_U/count011_V_fu_228[1]_i_2, which resulted in an inversion of 5 pins
INFO: [Opt 31-138] Pushed 0 inverter(s) to 0 load pin(s).
In IDDR TRANSFORM
INFO: [Opt 31-49] Retargeted 0 cell(s).
Phase 1 Retarget | Checksum: 71d74192

Time (s): cpu = 00:00:00 ; elapsed = 00:00:00.144 . Memory (MB): peak = 3421.293 ; gain = 428.180
INFO: [Opt 31-389] Phase Retarget created 2 cells and removed 5 cells
INFO: [Opt 31-1021] In phase Retarget, 2 netlist objects are constrained preventing optimization. Please run opt_design with -debug_log to get more detail. 

Phase 2 Constant propagation
INFO: [Opt 31-138] Pushed 0 inverter(s) to 0 load pin(s).
Phase 2 Constant propagation | Checksum: 28c4309e

Time (s): cpu = 00:00:00 ; elapsed = 00:00:00.154 . Memory (MB): peak = 3421.293 ; gain = 428.180
INFO: [Opt 31-389] Phase Constant propagation created 0 cells and removed 1 cells

Phase 3 Sweep
Phase 3 Sweep | Checksum: 2669f9e1

Time (s): cpu = 00:00:00 ; elapsed = 00:00:00.223 . Memory (MB): peak = 3421.293 ; gain = 428.180
INFO: [Opt 31-389] Phase Sweep created 1 cells and removed 57 cells

Phase 4 BUFG optimization
Phase 4 BUFG optimization | Checksum: 2669f9e1

Time (s): cpu = 00:00:01 ; elapsed = 00:00:00.763 . Memory (MB): peak = 3439.199 ; gain = 446.086
INFO: [Opt 31-662] Phase BUFG optimization created 0 cells of which 0 are BUFGs and removed 0 cells.

Phase 5 Shift Register Optimization
INFO: [Opt 31-1064] SRL Remap converted 0 SRLs to 0 registers and converted 0 registers of register chains to 0 SRLs
Phase 5 Shift Register Optimization | Checksum: 2669f9e1

Time (s): cpu = 00:00:01 ; elapsed = 00:00:00.770 . Memory (MB): peak = 3439.199 ; gain = 446.086
INFO: [Opt 31-389] Phase Shift Register Optimization created 0 cells and removed 0 cells

Phase 6 Post Processing Netlist
Phase 6 Post Processing Netlist | Checksum: 2592048c

Time (s): cpu = 00:00:01 ; elapsed = 00:00:00.777 . Memory (MB): peak = 3439.199 ; gain = 446.086
INFO: [Opt 31-389] Phase Post Processing Netlist created 0 cells and removed 0 cells
Opt_design Change Summary
=========================


-------------------------------------------------------------------------------------------------------------------------
|  Phase                        |  #Cells created  |  #Cells Removed  |  #Constrained objects preventing optimizations  |
-------------------------------------------------------------------------------------------------------------------------
|  Retarget                     |               2  |               5  |                                              2  |
|  Constant propagation         |               0  |               1  |                                              0  |
|  Sweep                        |               1  |              57  |                                              0  |
|  BUFG optimization            |               0  |               0  |                                              0  |
|  Shift Register Optimization  |               0  |               0  |                                              0  |
|  Post Processing Netlist      |               0  |               0  |                                              0  |
-------------------------------------------------------------------------------------------------------------------------



Starting Connectivity Check Task

Time (s): cpu = 00:00:00 ; elapsed = 00:00:00.003 . Memory (MB): peak = 3439.199 ; gain = 0.000
Ending Logic Optimization Task | Checksum: d88dcfec

Time (s): cpu = 00:00:01 ; elapsed = 00:00:00.834 . Memory (MB): peak = 3439.199 ; gain = 446.086

Starting Power Optimization Task
INFO: [Pwropt 34-132] Skipping clock gating for clocks with a period < 2.00 ns.
Ending Power Optimization Task | Checksum: d88dcfec

Time (s): cpu = 00:00:00 ; elapsed = 00:00:00.043 . Memory (MB): peak = 3439.199 ; gain = 0.000

Starting Final Cleanup Task
Ending Final Cleanup Task | Checksum: d88dcfec

Time (s): cpu = 00:00:00 ; elapsed = 00:00:00.003 . Memory (MB): peak = 3439.199 ; gain = 0.000

Starting Netlist Obfuscation Task
Netlist sorting complete. Time (s): cpu = 00:00:00 ; elapsed = 00:00:00 . Memory (MB): peak = 3439.199 ; gain = 0.000
Ending Netlist Obfuscation Task | Checksum: d88dcfec

Time (s): cpu = 00:00:00 ; elapsed = 00:00:00.001 . Memory (MB): peak = 3439.199 ; gain = 0.000
INFO: [Common 17-83] Releasing license: Implementation
34 Infos, 0 Warnings, 0 Critical Warnings and 0 Errors encountered.
opt_design completed successfully
opt_design: Time (s): cpu = 00:00:07 ; elapsed = 00:00:08 . Memory (MB): peak = 3439.199 ; gain = 759.480
INFO: [Timing 38-35] Done setting XDC timing constraints.
INFO: [Timing 38-480] Writing timing data to binary archive.
INFO: [Common 17-1381] The checkpoint 'C:/Users/mamdouh/Decoder/Decoder.runs/impl_1/design_1_wrapper_opt.dcp' has been generated.
INFO: [runtcl-4] Executing : report_drc -file design_1_wrapper_drc_opted.rpt -pb design_1_wrapper_drc_opted.pb -rpx design_1_wrapper_drc_opted.rpx
Command: report_drc -file design_1_wrapper_drc_opted.rpt -pb design_1_wrapper_drc_opted.pb -rpx design_1_wrapper_drc_opted.rpx
INFO: [IP_Flow 19-1839] IP Catalog is up to date.
INFO: [Vivado_Tcl 2-168] The results of DRC are in file C:/Users/mamdouh/Decoder/Decoder.runs/impl_1/design_1_wrapper_drc_opted.rpt.
report_drc completed successfully
report_drc: Time (s): cpu = 00:00:05 ; elapsed = 00:00:07 . Memory (MB): peak = 3487.797 ; gain = 0.102
Command: place_design
Attempting to get a license for feature 'Implementation' and/or device 'xc7vx485t'
INFO: [Common 17-349] Got license for feature 'Implementation' and/or device 'xc7vx485t'
INFO: [Vivado_Tcl 4-198] DRC finished with 0 Errors
INFO: [Vivado_Tcl 4-199] Please refer to the DRC report (report_drc) for more information.
Running DRC as a precondition to command place_design
INFO: [Vivado_Tcl 4-198] DRC finished with 0 Errors
INFO: [Vivado_Tcl 4-199] Please refer to the DRC report (report_drc) for more information.

Starting Placer Task

Phase 1 Placer Initialization

Phase 1.1 Placer Initialization Netlist Sorting
Netlist sorting complete. Time (s): cpu = 00:00:00 ; elapsed = 00:00:00 . Memory (MB): peak = 3487.797 ; gain = 0.000
Phase 1.1 Placer Initialization Netlist Sorting | Checksum: d78417b5

Time (s): cpu = 00:00:00 ; elapsed = 00:00:00.037 . Memory (MB): peak = 3487.797 ; gain = 0.000
Netlist sorting complete. Time (s): cpu = 00:00:00 ; elapsed = 00:00:00.001 . Memory (MB): peak = 3487.797 ; gain = 0.000

Phase 1.2 IO Placement/ Clock Placement/ Build Placer Device
Phase 1.2 IO Placement/ Clock Placement/ Build Placer Device | Checksum: 1512f2cf2

Time (s): cpu = 00:00:02 ; elapsed = 00:00:02 . Memory (MB): peak = 3487.797 ; gain = 0.000

Phase 1.3 Build Placer Netlist Model
Phase 1.3 Build Placer Netlist Model | Checksum: 14b16f8b4

Time (s): cpu = 00:00:02 ; elapsed = 00:00:03 . Memory (MB): peak = 3487.797 ; gain = 0.000

Phase 1.4 Constrain Clocks/Macros
Phase 1.4 Constrain Clocks/Macros | Checksum: 14b16f8b4

Time (s): cpu = 00:00:02 ; elapsed = 00:00:03 . Memory (MB): peak = 3487.797 ; gain = 0.000
Phase 1 Placer Initialization | Checksum: 14b16f8b4

Time (s): cpu = 00:00:02 ; elapsed = 00:00:03 . Memory (MB): peak = 3487.797 ; gain = 0.000

Phase 2 Global Placement

Phase 2.1 Floorplanning
Phase 2.1 Floorplanning | Checksum: 168c64255

Time (s): cpu = 00:00:02 ; elapsed = 00:00:03 . Memory (MB): peak = 3487.797 ; gain = 0.000

Phase 2.2 Update Timing before SLR Path Opt
Phase 2.2 Update Timing before SLR Path Opt | Checksum: 14dbbd30f

Time (s): cpu = 00:00:02 ; elapsed = 00:00:03 . Memory (MB): peak = 3487.797 ; gain = 0.000

Phase 2.3 Post-Processing in Floorplanning
Phase 2.3 Post-Processing in Floorplanning | Checksum: 14dbbd30f

Time (s): cpu = 00:00:02 ; elapsed = 00:00:03 . Memory (MB): peak = 3487.797 ; gain = 0.000

Phase 2.4 Global Placement Core

Phase 2.4.1 Physical Synthesis In Placer
INFO: [Physopt 32-1035] Found 0 LUTNM shape to break, 2 LUT instances to create LUTNM shape
INFO: [Physopt 32-1044] Break lutnm for timing: one critical 0, two critical 0, total 0, new lutff created 0
INFO: [Physopt 32-1138] End 1 Pass. Optimized 1 net or LUT. Breaked 0 LUT, combined 1 existing LUT and moved 0 existing LUT
INFO: [Physopt 32-65] No nets found for high-fanout optimization.
INFO: [Physopt 32-232] Optimized 0 net. Created 0 new instance.
INFO: [Physopt 32-775] End 1 Pass. Optimized 0 net or cell. Created 0 new cell, deleted 0 existing cell and moved 0 existing cell
INFO: [Physopt 32-670] No setup violation found.  DSP Register Optimization was not performed.
INFO: [Physopt 32-670] No setup violation found.  Shift Register to Pipeline Optimization was not performed.
INFO: [Physopt 32-670] No setup violation found.  Shift Register Optimization was not performed.
INFO: [Physopt 32-670] No setup violation found.  BRAM Register Optimization was not performed.
INFO: [Physopt 32-670] No setup violation found.  URAM Register Optimization was not performed.
INFO: [Physopt 32-949] No candidate nets found for dynamic/static region interface net replication
INFO: [Physopt 32-775] End 1 Pass. Optimized 0 net or cell. Created 0 new cell, deleted 0 existing cell and moved 0 existing cell
Netlist sorting complete. Time (s): cpu = 00:00:00 ; elapsed = 00:00:00 . Memory (MB): peak = 3487.797 ; gain = 0.000

Summary of Physical Synthesis Optimizations
============================================


-----------------------------------------------------------------------------------------------------------------------------------------------------------
|  Optimization                                     |  Added Cells  |  Removed Cells  |  Optimized Cells/Nets  |  Dont Touch  |  Iterations  |  Elapsed   |
-----------------------------------------------------------------------------------------------------------------------------------------------------------
|  LUT Combining                                    |            0  |              1  |                     1  |           0  |           1  |  00:00:00  |
|  Retime                                           |            0  |              0  |                     0  |           0  |           1  |  00:00:00  |
|  Very High Fanout                                 |            0  |              0  |                     0  |           0  |           1  |  00:00:00  |
|  DSP Register                                     |            0  |              0  |                     0  |           0  |           0  |  00:00:00  |
|  Shift Register to Pipeline                       |            0  |              0  |                     0  |           0  |           0  |  00:00:00  |
|  Shift Register                                   |            0  |              0  |                     0  |           0  |           0  |  00:00:00  |
|  BRAM Register                                    |            0  |              0  |                     0  |           0  |           0  |  00:00:00  |
|  URAM Register                                    |            0  |              0  |                     0  |           0  |           0  |  00:00:00  |
|  Dynamic/Static Region Interface Net Replication  |            0  |              0  |                     0  |           0  |           1  |  00:00:00  |
|  Total                                            |            0  |              1  |                     1  |           0  |           4  |  00:00:00  |
-----------------------------------------------------------------------------------------------------------------------------------------------------------


Phase 2.4.1 Physical Synthesis In Placer | Checksum: 1cc80566b

Time (s): cpu = 00:00:03 ; elapsed = 00:00:04 . Memory (MB): peak = 3487.797 ; gain = 0.000
Phase 2.4 Global Placement Core | Checksum: 24b182e23

Time (s): cpu = 00:00:03 ; elapsed = 00:00:04 . Memory (MB): peak = 3487.797 ; gain = 0.000
Phase 2 Global Placement | Checksum: 24b182e23

Time (s): cpu = 00:00:03 ; elapsed = 00:00:04 . Memory (MB): peak = 3487.797 ; gain = 0.000

Phase 3 Detail Placement

Phase 3.1 Commit Multi Column Macros
Phase 3.1 Commit Multi Column Macros | Checksum: 2016293aa

Time (s): cpu = 00:00:03 ; elapsed = 00:00:05 . Memory (MB): peak = 3487.797 ; gain = 0.000

Phase 3.2 Commit Most Macros & LUTRAMs
Phase 3.2 Commit Most Macros & LUTRAMs | Checksum: 21f5d16a1

Time (s): cpu = 00:00:04 ; elapsed = 00:00:05 . Memory (MB): peak = 3487.797 ; gain = 0.000

Phase 3.3 Area Swap Optimization
Phase 3.3 Area Swap Optimization | Checksum: 159f952ee

Time (s): cpu = 00:00:04 ; elapsed = 00:00:05 . Memory (MB): peak = 3487.797 ; gain = 0.000

Phase 3.4 Pipeline Register Optimization
Phase 3.4 Pipeline Register Optimization | Checksum: 2231c7836

Time (s): cpu = 00:00:04 ; elapsed = 00:00:05 . Memory (MB): peak = 3487.797 ; gain = 0.000

Phase 3.5 Small Shape Detail Placement
Phase 3.5 Small Shape Detail Placement | Checksum: 21777d04a

Time (s): cpu = 00:00:05 ; elapsed = 00:00:06 . Memory (MB): peak = 3487.797 ; gain = 0.000

Phase 3.6 Re-assign LUT pins
Phase 3.6 Re-assign LUT pins | Checksum: 267fa32df

Time (s): cpu = 00:00:05 ; elapsed = 00:00:06 . Memory (MB): peak = 3487.797 ; gain = 0.000

Phase 3.7 Pipeline Register Optimization
Phase 3.7 Pipeline Register Optimization | Checksum: 1bac71c17

Time (s): cpu = 00:00:05 ; elapsed = 00:00:06 . Memory (MB): peak = 3487.797 ; gain = 0.000
Phase 3 Detail Placement | Checksum: 1bac71c17

Time (s): cpu = 00:00:05 ; elapsed = 00:00:06 . Memory (MB): peak = 3487.797 ; gain = 0.000

Phase 4 Post Placement Optimization and Clean-Up

Phase 4.1 Post Commit Optimization
INFO: [Timing 38-35] Done setting XDC timing constraints.

Phase 4.1.1 Post Placement Optimization
Post Placement Optimization Initialization | Checksum: bb672402

Phase 4.1.1.1 BUFG Insertion

Starting Physical Synthesis Task

Phase 1 Physical Synthesis Initialization
INFO: [Physopt 32-721] Multithreading enabled for phys_opt_design using a maximum of 1 CPUs
INFO: [Physopt 32-619] Estimated Timing Summary | WNS=3.331 | TNS=0.000 |
Phase 1 Physical Synthesis Initialization | Checksum: 3f354737

Time (s): cpu = 00:00:00 ; elapsed = 00:00:00.091 . Memory (MB): peak = 3487.797 ; gain = 0.000
INFO: [Place 46-56] BUFG insertion identified 0 candidate nets. Inserted BUFG: 0, Replicated BUFG Driver: 0, Skipped due to Placement/Routing Conflicts: 0, Skipped due to Timing Degradation: 0, Skipped due to Illegal Netlist: 0.
Ending Physical Synthesis Task | Checksum: 9147c522

Time (s): cpu = 00:00:00 ; elapsed = 00:00:00.116 . Memory (MB): peak = 3487.797 ; gain = 0.000
Phase 4.1.1.1 BUFG Insertion | Checksum: bb672402

Time (s): cpu = 00:00:05 ; elapsed = 00:00:07 . Memory (MB): peak = 3487.797 ; gain = 0.000

Phase 4.1.1.2 Post Placement Timing Optimization
INFO: [Place 30-746] Post Placement Timing Summary WNS=3.331. For the most accurate timing information please run report_timing.
Phase 4.1.1.2 Post Placement Timing Optimization | Checksum: 155a59617

Time (s): cpu = 00:00:05 ; elapsed = 00:00:07 . Memory (MB): peak = 3487.797 ; gain = 0.000

Time (s): cpu = 00:00:05 ; elapsed = 00:00:07 . Memory (MB): peak = 3487.797 ; gain = 0.000
Phase 4.1 Post Commit Optimization | Checksum: 155a59617

Time (s): cpu = 00:00:05 ; elapsed = 00:00:07 . Memory (MB): peak = 3487.797 ; gain = 0.000

Phase 4.2 Post Placement Cleanup
Phase 4.2 Post Placement Cleanup | Checksum: 155a59617

Time (s): cpu = 00:00:05 ; elapsed = 00:00:07 . Memory (MB): peak = 3487.797 ; gain = 0.000

Phase 4.3 Placer Reporting

Phase 4.3.1 Print Estimated Congestion
INFO: [Place 30-612] Post-Placement Estimated Congestion 
 ____________________________________________________
|           | Global Congestion | Short Congestion  |
| Direction | Region Size       | Region Size       |
|___________|___________________|___________________|
|      North|                1x1|                1x1|
|___________|___________________|___________________|
|      South|                1x1|                1x1|
|___________|___________________|___________________|
|       East|                1x1|                1x1|
|___________|___________________|___________________|
|       West|                1x1|                1x1|
|___________|___________________|___________________|

Phase 4.3.1 Print Estimated Congestion | Checksum: 155a59617

Time (s): cpu = 00:00:05 ; elapsed = 00:00:07 . Memory (MB): peak = 3487.797 ; gain = 0.000
Phase 4.3 Placer Reporting | Checksum: 155a59617

Time (s): cpu = 00:00:05 ; elapsed = 00:00:07 . Memory (MB): peak = 3487.797 ; gain = 0.000

Phase 4.4 Final Placement Cleanup
Netlist sorting complete. Time (s): cpu = 00:00:00 ; elapsed = 00:00:00 . Memory (MB): peak = 3487.797 ; gain = 0.000

Time (s): cpu = 00:00:05 ; elapsed = 00:00:07 . Memory (MB): peak = 3487.797 ; gain = 0.000
Phase 4 Post Placement Optimization and Clean-Up | Checksum: 19969562c

Time (s): cpu = 00:00:05 ; elapsed = 00:00:07 . Memory (MB): peak = 3487.797 ; gain = 0.000
Ending Placer Task | Checksum: d401cd00

Time (s): cpu = 00:00:05 ; elapsed = 00:00:07 . Memory (MB): peak = 3487.797 ; gain = 0.000
INFO: [Common 17-83] Releasing license: Implementation
65 Infos, 0 Warnings, 0 Critical Warnings and 0 Errors encountered.
place_design completed successfully
place_design: Time (s): cpu = 00:00:06 ; elapsed = 00:00:08 . Memory (MB): peak = 3487.797 ; gain = 0.000
INFO: [Timing 38-480] Writing timing data to binary archive.
Writing XDEF routing.
Writing XDEF routing logical nets.
Writing XDEF routing special nets.
Write XDEF Complete: Time (s): cpu = 00:00:00 ; elapsed = 00:00:00.207 . Memory (MB): peak = 3487.797 ; gain = 0.000
INFO: [Common 17-1381] The checkpoint 'C:/Users/mamdouh/Decoder/Decoder.runs/impl_1/design_1_wrapper_placed.dcp' has been generated.
INFO: [runtcl-4] Executing : report_io -file design_1_wrapper_io_placed.rpt
report_io: Time (s): cpu = 00:00:01 ; elapsed = 00:00:00.474 . Memory (MB): peak = 3487.797 ; gain = 0.000
INFO: [runtcl-4] Executing : report_utilization -file design_1_wrapper_utilization_placed.rpt -pb design_1_wrapper_utilization_placed.pb
INFO: [runtcl-4] Executing : report_control_sets -verbose -file design_1_wrapper_control_sets_placed.rpt
report_control_sets: Time (s): cpu = 00:00:00 ; elapsed = 00:00:00.005 . Memory (MB): peak = 3487.797 ; gain = 0.000
Command: phys_opt_design
Attempting to get a license for feature 'Implementation' and/or device 'xc7vx485t'
INFO: [Common 17-349] Got license for feature 'Implementation' and/or device 'xc7vx485t'
INFO: [Vivado_Tcl 4-383] Design worst setup slack (WNS) is greater than or equal to 0.000 ns. Skipping all physical synthesis optimizations.
INFO: [Vivado_Tcl 4-232] No setup violation found. The netlist was not modified.
INFO: [Common 17-83] Releasing license: Implementation
74 Infos, 0 Warnings, 0 Critical Warnings and 0 Errors encountered.
phys_opt_design completed successfully
INFO: [Timing 38-480] Writing timing data to binary archive.
Writing XDEF routing.
Writing XDEF routing logical nets.
Writing XDEF routing special nets.
Write XDEF Complete: Time (s): cpu = 00:00:00 ; elapsed = 00:00:00.186 . Memory (MB): peak = 3487.797 ; gain = 0.000
INFO: [Common 17-1381] The checkpoint 'C:/Users/mamdouh/Decoder/Decoder.runs/impl_1/design_1_wrapper_physopt.dcp' has been generated.
Command: route_design
Attempting to get a license for feature 'Implementation' and/or device 'xc7vx485t'
INFO: [Common 17-349] Got license for feature 'Implementation' and/or device 'xc7vx485t'
Running DRC as a precondition to command route_design
INFO: [Vivado_Tcl 4-198] DRC finished with 0 Errors
INFO: [Vivado_Tcl 4-199] Please refer to the DRC report (report_drc) for more information.


Starting Routing Task

Phase 1 Build RT Design
Checksum: PlaceDB: 7d3b9502 ConstDB: 0 ShapeSum: 56c637fe RouteDB: 0
Post Restoration Checksum: NetGraph: 12d02ec5 NumContArr: f05217ef Constraints: 0 Timing: 0
Phase 1 Build RT Design | Checksum: 1032246b4

Time (s): cpu = 00:01:36 ; elapsed = 00:01:40 . Memory (MB): peak = 3487.797 ; gain = 0.000

Phase 2 Router Initialization

Phase 2.1 Fix Topology Constraints
Phase 2.1 Fix Topology Constraints | Checksum: 1032246b4

Time (s): cpu = 00:01:36 ; elapsed = 00:01:40 . Memory (MB): peak = 3487.797 ; gain = 0.000

Phase 2.2 Pre Route Cleanup
Phase 2.2 Pre Route Cleanup | Checksum: 1032246b4

Time (s): cpu = 00:01:36 ; elapsed = 00:01:40 . Memory (MB): peak = 3487.797 ; gain = 0.000
 Number of Nodes with overlaps = 0

Phase 2.3 Update Timing
Phase 2.3 Update Timing | Checksum: 1e69abf68

Time (s): cpu = 00:01:41 ; elapsed = 00:01:44 . Memory (MB): peak = 3487.797 ; gain = 0.000
INFO: [Route 35-416] Intermediate Timing Summary | WNS=3.430  | TNS=0.000  | WHS=-0.187 | THS=-13.349|


Router Utilization Summary
  Global Vertical Routing Utilization    = 0 %
  Global Horizontal Routing Utilization  = 0 %
  Routable Net Status*
  *Does not include unroutable nets such as driverless and loadless.
  Run report_route_status for detailed report.
  Number of Failed Nets               = 229
    (Failed Nets is the sum of unrouted and partially routed nets)
  Number of Unrouted Nets             = 229
  Number of Partially Routed Nets     = 0
  Number of Node Overlaps             = 0

Phase 2 Router Initialization | Checksum: 1ffe74513

Time (s): cpu = 00:01:42 ; elapsed = 00:01:45 . Memory (MB): peak = 3487.797 ; gain = 0.000

Phase 3 Initial Routing

Phase 3.1 Global Routing
Phase 3.1 Global Routing | Checksum: 1ffe74513

Time (s): cpu = 00:01:42 ; elapsed = 00:01:45 . Memory (MB): peak = 3487.797 ; gain = 0.000
Phase 3 Initial Routing | Checksum: 12c860c05

Time (s): cpu = 00:01:43 ; elapsed = 00:01:47 . Memory (MB): peak = 3487.797 ; gain = 0.000

Phase 4 Rip-up And Reroute

Phase 4.1 Global Iteration 0
 Number of Nodes with overlaps = 23
 Number of Nodes with overlaps = 0
INFO: [Route 35-416] Intermediate Timing Summary | WNS=3.108  | TNS=0.000  | WHS=N/A    | THS=N/A    |

Phase 4.1 Global Iteration 0 | Checksum: 1ac490e49

Time (s): cpu = 00:01:44 ; elapsed = 00:01:48 . Memory (MB): peak = 3487.797 ; gain = 0.000
Phase 4 Rip-up And Reroute | Checksum: 1ac490e49

Time (s): cpu = 00:01:44 ; elapsed = 00:01:48 . Memory (MB): peak = 3487.797 ; gain = 0.000

Phase 5 Delay and Skew Optimization

Phase 5.1 Delay CleanUp
Phase 5.1 Delay CleanUp | Checksum: 1ac490e49

Time (s): cpu = 00:01:44 ; elapsed = 00:01:48 . Memory (MB): peak = 3487.797 ; gain = 0.000

Phase 5.2 Clock Skew Optimization
Phase 5.2 Clock Skew Optimization | Checksum: 1ac490e49

Time (s): cpu = 00:01:44 ; elapsed = 00:01:48 . Memory (MB): peak = 3487.797 ; gain = 0.000
Phase 5 Delay and Skew Optimization | Checksum: 1ac490e49

Time (s): cpu = 00:01:44 ; elapsed = 00:01:48 . Memory (MB): peak = 3487.797 ; gain = 0.000

Phase 6 Post Hold Fix

Phase 6.1 Hold Fix Iter

Phase 6.1.1 Update Timing
Phase 6.1.1 Update Timing | Checksum: 19649f3e7

Time (s): cpu = 00:01:44 ; elapsed = 00:01:48 . Memory (MB): peak = 3487.797 ; gain = 0.000
INFO: [Route 35-416] Intermediate Timing Summary | WNS=3.193  | TNS=0.000  | WHS=0.085  | THS=0.000  |

Phase 6.1 Hold Fix Iter | Checksum: 19649f3e7

Time (s): cpu = 00:01:44 ; elapsed = 00:01:48 . Memory (MB): peak = 3487.797 ; gain = 0.000
Phase 6 Post Hold Fix | Checksum: 19649f3e7

Time (s): cpu = 00:01:44 ; elapsed = 00:01:48 . Memory (MB): peak = 3487.797 ; gain = 0.000

Phase 7 Route finalize

Router Utilization Summary
  Global Vertical Routing Utilization    = 0.00445361 %
  Global Horizontal Routing Utilization  = 0.00378033 %
  Routable Net Status*
  *Does not include unroutable nets such as driverless and loadless.
  Run report_route_status for detailed report.
  Number of Failed Nets               = 0
    (Failed Nets is the sum of unrouted and partially routed nets)
  Number of Unrouted Nets             = 0
  Number of Partially Routed Nets     = 0
  Number of Node Overlaps             = 0

Phase 7 Route finalize | Checksum: 1a2dc3e22

Time (s): cpu = 00:01:45 ; elapsed = 00:01:48 . Memory (MB): peak = 3487.797 ; gain = 0.000

Phase 8 Verifying routed nets

 Verification completed successfully
Phase 8 Verifying routed nets | Checksum: 1a2dc3e22

Time (s): cpu = 00:01:45 ; elapsed = 00:01:48 . Memory (MB): peak = 3487.797 ; gain = 0.000

Phase 9 Depositing Routes
Phase 9 Depositing Routes | Checksum: 21b81625b

Time (s): cpu = 00:01:45 ; elapsed = 00:01:49 . Memory (MB): peak = 3487.797 ; gain = 0.000

Phase 10 Post Router Timing
INFO: [Route 35-57] Estimated Timing Summary | WNS=3.193  | TNS=0.000  | WHS=0.085  | THS=0.000  |

INFO: [Route 35-327] The final timing numbers are based on the router estimated timing analysis. For a complete and accurate timing signoff, please run report_timing_summary.
Phase 10 Post Router Timing | Checksum: 21b81625b

Time (s): cpu = 00:01:45 ; elapsed = 00:01:49 . Memory (MB): peak = 3487.797 ; gain = 0.000
INFO: [Route 35-16] Router Completed Successfully

Time (s): cpu = 00:01:45 ; elapsed = 00:01:49 . Memory (MB): peak = 3487.797 ; gain = 0.000

Routing Is Done.
INFO: [Common 17-83] Releasing license: Implementation
86 Infos, 0 Warnings, 0 Critical Warnings and 0 Errors encountered.
route_design completed successfully
route_design: Time (s): cpu = 00:01:46 ; elapsed = 00:01:50 . Memory (MB): peak = 3487.797 ; gain = 0.000
INFO: [Common 17-600] The following parameters have non-default value.
general.maxThreads
INFO: [Timing 38-480] Writing timing data to binary archive.
Writing XDEF routing.
Writing XDEF routing logical nets.
Writing XDEF routing special nets.
Write XDEF Complete: Time (s): cpu = 00:00:00 ; elapsed = 00:00:00.194 . Memory (MB): peak = 3487.797 ; gain = 0.000
INFO: [Common 17-1381] The checkpoint 'C:/Users/mamdouh/Decoder/Decoder.runs/impl_1/design_1_wrapper_routed.dcp' has been generated.
INFO: [runtcl-4] Executing : report_drc -file design_1_wrapper_drc_routed.rpt -pb design_1_wrapper_drc_routed.pb -rpx design_1_wrapper_drc_routed.rpx
Command: report_drc -file design_1_wrapper_drc_routed.rpt -pb design_1_wrapper_drc_routed.pb -rpx design_1_wrapper_drc_routed.rpx
INFO: [IP_Flow 19-1839] IP Catalog is up to date.
INFO: [Vivado_Tcl 2-168] The results of DRC are in file C:/Users/mamdouh/Decoder/Decoder.runs/impl_1/design_1_wrapper_drc_routed.rpt.
report_drc completed successfully
INFO: [runtcl-4] Executing : report_methodology -file design_1_wrapper_methodology_drc_routed.rpt -pb design_1_wrapper_methodology_drc_routed.pb -rpx design_1_wrapper_methodology_drc_routed.rpx
Command: report_methodology -file design_1_wrapper_methodology_drc_routed.rpt -pb design_1_wrapper_methodology_drc_routed.pb -rpx design_1_wrapper_methodology_drc_routed.rpx
INFO: [Timing 38-35] Done setting XDC timing constraints.
INFO: [Vivado_Tcl 2-1520] The results of Report Methodology are in file C:/Users/mamdouh/Decoder/Decoder.runs/impl_1/design_1_wrapper_methodology_drc_routed.rpt.
report_methodology completed successfully
INFO: [runtcl-4] Executing : report_power -file design_1_wrapper_power_routed.rpt -pb design_1_wrapper_power_summary_routed.pb -rpx design_1_wrapper_power_routed.rpx
Command: report_power -file design_1_wrapper_power_routed.rpt -pb design_1_wrapper_power_summary_routed.pb -rpx design_1_wrapper_power_routed.rpx
INFO: [Timing 38-35] Done setting XDC timing constraints.
Running Vector-less Activity Propagation...

Finished Running Vector-less Activity Propagation
97 Infos, 0 Warnings, 0 Critical Warnings and 0 Errors encountered.
report_power completed successfully
INFO: [runtcl-4] Executing : report_route_status -file design_1_wrapper_route_status.rpt -pb design_1_wrapper_route_status.pb
INFO: [runtcl-4] Executing : report_timing_summary -max_paths 10 -report_unconstrained -file design_1_wrapper_timing_summary_routed.rpt -pb design_1_wrapper_timing_summary_routed.pb -rpx design_1_wrapper_timing_summary_routed.rpx -warn_on_violation 
INFO: [Timing 38-91] UpdateTimingParams: Speed grade: -3, Delay Type: min_max.
INFO: [runtcl-4] Executing : report_incremental_reuse -file design_1_wrapper_incremental_reuse_routed.rpt
INFO: [Vivado_Tcl 4-1062] Incremental flow is disabled. No incremental reuse Info to report.
INFO: [runtcl-4] Executing : report_clock_utilization -file design_1_wrapper_clock_utilization_routed.rpt
INFO: [runtcl-4] Executing : report_bus_skew -warn_on_violation -file design_1_wrapper_bus_skew_routed.rpt -pb design_1_wrapper_bus_skew_routed.pb -rpx design_1_wrapper_bus_skew_routed.rpx
INFO: [Timing 38-91] UpdateTimingParams: Speed grade: -3, Delay Type: min_max.
INFO: [Common 17-206] Exiting Vivado at Mon Jun 13 21:46:01 2022...
